This file contains any messages produced by compilers while
running configure, to aid debugging if configure makes a mistake.

It was created by GStreamer Good Jpeg Plug-ins configure 1.2.3, which was
generated by GNU Autoconf 2.68.  Invocation command line was

  $ ./configure --enable-maintainer-mode --enable-gtk-doc

## --------- ##
## Platform. ##
## --------- ##

hostname = swapnil
uname -m = x86_64
uname -r = 3.2.0-61-generic
uname -s = Linux
uname -v = #92-Ubuntu SMP Mon Mar 31 23:47:59 UTC 2014

/usr/bin/uname -p = unknown
/bin/uname -X     = unknown

/bin/arch              = unknown
/usr/bin/arch -k       = unknown
/usr/convex/getsysinfo = unknown
/usr/bin/hostinfo      = unknown
/bin/machine           = unknown
/usr/bin/oslevel       = unknown
/bin/universe          = unknown

PATH: /usr/local/sbin
PATH: /usr/local/bin
PATH: /usr/sbin
PATH: /usr/bin
PATH: /sbin
PATH: /bin
PATH: /home/swapnil/bin
PATH: //home/swapnil/p4/sw/misc/linux
PATH: /home/swapnil/depot_tools


## ----------- ##
## Core tests. ##
## ----------- ##

configure:3562: checking build system type
configure:3576: result: x86_64-unknown-linux-gnu
configure:3596: checking host system type
configure:3609: result: x86_64-unknown-linux-gnu
configure:3629: checking target system type
configure:3642: result: x86_64-unknown-linux-gnu
configure:3688: checking for a BSD-compatible install
configure:3756: result: /usr/bin/install -c
configure:3767: checking whether build environment is sane
configure:3817: result: yes
configure:3958: checking for a thread-safe mkdir -p
configure:3997: result: /bin/mkdir -p
configure:4010: checking for gawk
configure:4040: result: no
configure:4010: checking for mawk
configure:4026: found /usr/bin/mawk
configure:4037: result: mawk
configure:4048: checking whether make sets $(MAKE)
configure:4070: result: yes
configure:4145: checking how to create a ustar tar archive
configure:4158: tar --version
tar (GNU tar) 1.26
Copyright (C) 2011 Free Software Foundation, Inc.
License GPLv3+: GNU GPL version 3 or later <http://gnu.org/licenses/gpl.html>.
This is free software: you are free to change and redistribute it.
There is NO WARRANTY, to the extent permitted by law.

Written by John Gilmore and Jay Fenlason.
configure:4161: $? = 0
configure:4201: tardir=conftest.dir && eval tar --format=ustar -chf - "$tardir" >conftest.tar
configure:4204: $? = 0
configure:4208: tar -xf - <conftest.tar
configure:4211: $? = 0
configure:4224: result: gnutar
configure:4243: checking nano version
configure:4249: result: 0 (release)
configure:4275: checking whether to enable maintainer-specific portions of Makefiles
configure:4284: result: yes
configure:4311: checking whether make supports nested variables
configure:4328: result: yes
configure:4401: checking how to print strings
configure:4428: result: printf
configure:4461: checking for style of include used by make
configure:4489: result: GNU
configure:4560: checking for gcc
configure:4576: found /usr/bin/gcc
configure:4587: result: gcc
configure:4816: checking for C compiler version
configure:4825: gcc --version >&5
gcc (Ubuntu/Linaro 4.6.3-1ubuntu5) 4.6.3
Copyright (C) 2011 Free Software Foundation, Inc.
This is free software; see the source for copying conditions.  There is NO
warranty; not even for MERCHANTABILITY or FITNESS FOR A PARTICULAR PURPOSE.

configure:4836: $? = 0
configure:4825: gcc -v >&5
Using built-in specs.
COLLECT_GCC=gcc
COLLECT_LTO_WRAPPER=/usr/lib/gcc/x86_64-linux-gnu/4.6/lto-wrapper
Target: x86_64-linux-gnu
Configured with: ../src/configure -v --with-pkgversion='Ubuntu/Linaro 4.6.3-1ubuntu5' --with-bugurl=file:///usr/share/doc/gcc-4.6/README.Bugs --enable-languages=c,c++,fortran,objc,obj-c++ --prefix=/usr --program-suffix=-4.6 --enable-shared --enable-linker-build-id --with-system-zlib --libexecdir=/usr/lib --without-included-gettext --enable-threads=posix --with-gxx-include-dir=/usr/include/c++/4.6 --libdir=/usr/lib --enable-nls --with-sysroot=/ --enable-clocale=gnu --enable-libstdcxx-debug --enable-libstdcxx-time=yes --enable-gnu-unique-object --enable-plugin --enable-objc-gc --disable-werror --with-arch-32=i686 --with-tune=generic --enable-checking=release --build=x86_64-linux-gnu --host=x86_64-linux-gnu --target=x86_64-linux-gnu
Thread model: posix
gcc version 4.6.3 (Ubuntu/Linaro 4.6.3-1ubuntu5) 
configure:4836: $? = 0
configure:4825: gcc -V >&5
gcc: error: unrecognized option '-V'
gcc: fatal error: no input files
compilation terminated.
configure:4836: $? = 4
configure:4825: gcc -qversion >&5
gcc: error: unrecognized option '-qversion'
gcc: fatal error: no input files
compilation terminated.
configure:4836: $? = 4
configure:4856: checking whether the C compiler works
configure:4878: gcc    conftest.c  >&5
configure:4882: $? = 0
configure:4930: result: yes
configure:4933: checking for C compiler default output file name
configure:4935: result: a.out
configure:4941: checking for suffix of executables
configure:4948: gcc -o conftest    conftest.c  >&5
configure:4952: $? = 0
configure:4974: result: 
configure:4996: checking whether we are cross compiling
configure:5004: gcc -o conftest    conftest.c  >&5
configure:5008: $? = 0
configure:5015: ./conftest
configure:5019: $? = 0
configure:5034: result: no
configure:5039: checking for suffix of object files
configure:5061: gcc -c   conftest.c >&5
configure:5065: $? = 0
configure:5086: result: o
configure:5090: checking whether we are using the GNU C compiler
configure:5109: gcc -c   conftest.c >&5
configure:5109: $? = 0
configure:5118: result: yes
configure:5127: checking whether gcc accepts -g
configure:5147: gcc -c -g  conftest.c >&5
configure:5147: $? = 0
configure:5188: result: yes
configure:5205: checking for gcc option to accept ISO C89
configure:5269: gcc  -c -g -O2  conftest.c >&5
configure:5269: $? = 0
configure:5282: result: none needed
configure:5304: checking dependency style of gcc
configure:5415: result: gcc3
configure:5430: checking for a sed that does not truncate output
configure:5494: result: /bin/sed
configure:5512: checking for grep that handles long lines and -e
configure:5570: result: /bin/grep
configure:5575: checking for egrep
configure:5637: result: /bin/grep -E
configure:5642: checking for fgrep
configure:5704: result: /bin/grep -F
configure:5739: checking for ld used by gcc
configure:5806: result: /usr/bin/ld
configure:5813: checking if the linker (/usr/bin/ld) is GNU ld
configure:5828: result: yes
configure:5840: checking for BSD- or MS-compatible name lister (nm)
configure:5889: result: /usr/bin/nm -B
configure:6019: checking the name lister (/usr/bin/nm -B) interface
configure:6026: gcc -c -g -O2  conftest.c >&5
configure:6029: /usr/bin/nm -B "conftest.o"
configure:6032: output
0000000000000000 B some_variable
configure:6039: result: BSD nm
configure:6042: checking whether ln -s works
configure:6046: result: yes
configure:6054: checking the maximum length of command line arguments
configure:6184: result: 1572864
configure:6201: checking whether the shell understands some XSI constructs
configure:6211: result: yes
configure:6215: checking whether the shell understands "+="
configure:6221: result: yes
configure:6256: checking how to convert x86_64-unknown-linux-gnu file names to x86_64-unknown-linux-gnu format
configure:6296: result: func_convert_file_noop
configure:6303: checking how to convert x86_64-unknown-linux-gnu file names to toolchain format
configure:6323: result: func_convert_file_noop
configure:6330: checking for /usr/bin/ld option to reload object files
configure:6337: result: -r
configure:6411: checking for objdump
configure:6427: found /usr/bin/objdump
configure:6438: result: objdump
configure:6467: checking how to recognize dependent libraries
configure:6669: result: pass_all
configure:6754: checking for dlltool
configure:6784: result: no
configure:6811: checking how to associate runtime and link libraries
configure:6838: result: printf %s\n
configure:6899: checking for ar
configure:6915: found /usr/bin/ar
configure:6926: result: ar
configure:6963: checking for archiver @FILE support
configure:6980: gcc -c -g -O2  conftest.c >&5
configure:6980: $? = 0
configure:6983: ar cru libconftest.a @conftest.lst >&5
configure:6986: $? = 0
configure:6991: ar cru libconftest.a @conftest.lst >&5
ar: conftest.o: No such file or directory
configure:6994: $? = 1
configure:7006: result: @
configure:7064: checking for strip
configure:7080: found /usr/bin/strip
configure:7091: result: strip
configure:7163: checking for ranlib
configure:7179: found /usr/bin/ranlib
configure:7190: result: ranlib
configure:7292: checking command to parse /usr/bin/nm -B output from gcc object
configure:7412: gcc -c -g -O2  conftest.c >&5
configure:7415: $? = 0
configure:7419: /usr/bin/nm -B conftest.o \| sed -n -e 's/^.*[ ]\([ABCDGIRSTW][ABCDGIRSTW]*\)[ ][ ]*\([_A-Za-z][_A-Za-z0-9]*\)$/\1 \2 \2/p' | sed '/ __gnu_lto/d' \> conftest.nm
configure:7422: $? = 0
configure:7488: gcc -o conftest -g -O2   conftest.c conftstm.o >&5
configure:7491: $? = 0
configure:7529: result: ok
configure:7566: checking for sysroot
configure:7596: result: no
configure:7673: gcc -c -g -O2  conftest.c >&5
configure:7676: $? = 0
configure:7852: checking for mt
configure:7868: found /bin/mt
configure:7879: result: mt
configure:7902: checking if mt is a manifest tool
configure:7908: mt '-?'
configure:7916: result: no
configure:8558: checking how to run the C preprocessor
configure:8589: gcc -E  conftest.c
configure:8589: $? = 0
configure:8603: gcc -E  conftest.c
conftest.c:12:28: fatal error: ac_nonexistent.h: No such file or directory
compilation terminated.
configure:8603: $? = 1
configure: failed program was:
| /* confdefs.h */
| #define PACKAGE_NAME "GStreamer Good Jpeg Plug-ins"
| #define PACKAGE_TARNAME "gst-jpeg-1.0"
| #define PACKAGE_VERSION "1.2.3"
| #define PACKAGE_STRING "GStreamer Good Jpeg Plug-ins 1.2.3"
| #define PACKAGE_BUGREPORT "http://bugzilla.gnome.org/enter_bug.cgi?product=GStreamer"
| #define PACKAGE_URL ""
| #define PACKAGE "gst-jpeg-1.0"
| #define VERSION "1.2.3"
| #define GST_API_VERSION "1.0"
| /* end confdefs.h.  */
| #include <ac_nonexistent.h>
configure:8628: result: gcc -E
configure:8648: gcc -E  conftest.c
configure:8648: $? = 0
configure:8662: gcc -E  conftest.c
conftest.c:12:28: fatal error: ac_nonexistent.h: No such file or directory
compilation terminated.
configure:8662: $? = 1
configure: failed program was:
| /* confdefs.h */
| #define PACKAGE_NAME "GStreamer Good Jpeg Plug-ins"
| #define PACKAGE_TARNAME "gst-jpeg-1.0"
| #define PACKAGE_VERSION "1.2.3"
| #define PACKAGE_STRING "GStreamer Good Jpeg Plug-ins 1.2.3"
| #define PACKAGE_BUGREPORT "http://bugzilla.gnome.org/enter_bug.cgi?product=GStreamer"
| #define PACKAGE_URL ""
| #define PACKAGE "gst-jpeg-1.0"
| #define VERSION "1.2.3"
| #define GST_API_VERSION "1.0"
| /* end confdefs.h.  */
| #include <ac_nonexistent.h>
configure:8691: checking for ANSI C header files
configure:8711: gcc -c -g -O2  conftest.c >&5
configure:8711: $? = 0
configure:8784: gcc -o conftest -g -O2   conftest.c  >&5
configure:8784: $? = 0
configure:8784: ./conftest
configure:8784: $? = 0
configure:8795: result: yes
configure:8808: checking for sys/types.h
configure:8808: gcc -c -g -O2  conftest.c >&5
configure:8808: $? = 0
configure:8808: result: yes
configure:8808: checking for sys/stat.h
configure:8808: gcc -c -g -O2  conftest.c >&5
configure:8808: $? = 0
configure:8808: result: yes
configure:8808: checking for stdlib.h
configure:8808: gcc -c -g -O2  conftest.c >&5
configure:8808: $? = 0
configure:8808: result: yes
configure:8808: checking for string.h
configure:8808: gcc -c -g -O2  conftest.c >&5
configure:8808: $? = 0
configure:8808: result: yes
configure:8808: checking for memory.h
configure:8808: gcc -c -g -O2  conftest.c >&5
configure:8808: $? = 0
configure:8808: result: yes
configure:8808: checking for strings.h
configure:8808: gcc -c -g -O2  conftest.c >&5
configure:8808: $? = 0
configure:8808: result: yes
configure:8808: checking for inttypes.h
configure:8808: gcc -c -g -O2  conftest.c >&5
configure:8808: $? = 0
configure:8808: result: yes
configure:8808: checking for stdint.h
configure:8808: gcc -c -g -O2  conftest.c >&5
configure:8808: $? = 0
configure:8808: result: yes
configure:8808: checking for unistd.h
configure:8808: gcc -c -g -O2  conftest.c >&5
configure:8808: $? = 0
configure:8808: result: yes
configure:8822: checking for dlfcn.h
configure:8822: gcc -c -g -O2  conftest.c >&5
configure:8822: $? = 0
configure:8822: result: yes
configure:9342: checking for objdir
configure:9357: result: .libs
configure:9628: checking if gcc supports -fno-rtti -fno-exceptions
configure:9646: gcc -c -g -O2  -fno-rtti -fno-exceptions conftest.c >&5
cc1: warning: command line option '-fno-rtti' is valid for C++/ObjC++ but not for C [enabled by default]
configure:9650: $? = 0
configure:9663: result: no
configure:9990: checking for gcc option to produce PIC
configure:9997: result: -fPIC -DPIC
configure:10005: checking if gcc PIC flag -fPIC -DPIC works
configure:10023: gcc -c -g -O2  -fPIC -DPIC -DPIC conftest.c >&5
configure:10027: $? = 0
configure:10040: result: yes
configure:10069: checking if gcc static flag -static works
configure:10097: result: yes
configure:10112: checking if gcc supports -c -o file.o
configure:10133: gcc -c -g -O2  -o out/conftest2.o conftest.c >&5
configure:10137: $? = 0
configure:10159: result: yes
configure:10167: checking if gcc supports -c -o file.o
configure:10214: result: yes
configure:10247: checking whether the gcc linker (/usr/bin/ld -m elf_x86_64) supports shared libraries
configure:11404: result: yes
configure:11441: checking whether -lc should be explicitly linked in
configure:11449: gcc -c -g -O2  conftest.c >&5
configure:11452: $? = 0
configure:11467: gcc -shared  -fPIC -DPIC conftest.o  -v -Wl,-soname -Wl,conftest -o conftest 2\>\&1 \| /bin/grep  -lc  \>/dev/null 2\>\&1
configure:11470: $? = 0
configure:11484: result: no
configure:11644: checking dynamic linker characteristics
configure:12155: gcc -o conftest -g -O2   -Wl,-rpath -Wl,/foo conftest.c  >&5
configure:12155: $? = 0
configure:12389: result: GNU/Linux ld.so
configure:12496: checking how to hardcode library paths into programs
configure:12521: result: immediate
configure:12615: checking for shl_load
configure:12615: gcc -o conftest -g -O2   conftest.c  >&5
/tmp/cc265NMt.o: In function `main':
/home/swapnil/gst-build/gst-jpeg-1.0/conftest.c:58: undefined reference to `shl_load'
collect2: ld returned 1 exit status
configure:12615: $? = 1
configure: failed program was:
| /* confdefs.h */
| #define PACKAGE_NAME "GStreamer Good Jpeg Plug-ins"
| #define PACKAGE_TARNAME "gst-jpeg-1.0"
| #define PACKAGE_VERSION "1.2.3"
| #define PACKAGE_STRING "GStreamer Good Jpeg Plug-ins 1.2.3"
| #define PACKAGE_BUGREPORT "http://bugzilla.gnome.org/enter_bug.cgi?product=GStreamer"
| #define PACKAGE_URL ""
| #define PACKAGE "gst-jpeg-1.0"
| #define VERSION "1.2.3"
| #define GST_API_VERSION "1.0"
| #define STDC_HEADERS 1
| #define HAVE_SYS_TYPES_H 1
| #define HAVE_SYS_STAT_H 1
| #define HAVE_STDLIB_H 1
| #define HAVE_STRING_H 1
| #define HAVE_MEMORY_H 1
| #define HAVE_STRINGS_H 1
| #define HAVE_INTTYPES_H 1
| #define HAVE_STDINT_H 1
| #define HAVE_UNISTD_H 1
| #define HAVE_DLFCN_H 1
| #define LT_OBJDIR ".libs/"
| /* end confdefs.h.  */
| /* Define shl_load to an innocuous variant, in case <limits.h> declares shl_load.
|    For example, HP-UX 11i <limits.h> declares gettimeofday.  */
| #define shl_load innocuous_shl_load
| 
| /* System header to define __stub macros and hopefully few prototypes,
|     which can conflict with char shl_load (); below.
|     Prefer <limits.h> to <assert.h> if __STDC__ is defined, since
|     <limits.h> exists even on freestanding compilers.  */
| 
| #ifdef __STDC__
| # include <limits.h>
| #else
| # include <assert.h>
| #endif
| 
| #undef shl_load
| 
| /* Override any GCC internal prototype to avoid an error.
|    Use char because int might match the return type of a GCC
|    builtin and then its argument prototype would still apply.  */
| #ifdef __cplusplus
| extern "C"
| #endif
| char shl_load ();
| /* The GNU C library defines this for functions which it implements
|     to always fail with ENOSYS.  Some functions are actually named
|     something starting with __ and the normal name is an alias.  */
| #if defined __stub_shl_load || defined __stub___shl_load
| choke me
| #endif
| 
| int
| main ()
| {
| return shl_load ();
|   ;
|   return 0;
| }
configure:12615: result: no
configure:12619: checking for shl_load in -ldld
configure:12644: gcc -o conftest -g -O2   conftest.c -ldld   >&5
/usr/bin/ld: cannot find -ldld
collect2: ld returned 1 exit status
configure:12644: $? = 1
configure: failed program was:
| /* confdefs.h */
| #define PACKAGE_NAME "GStreamer Good Jpeg Plug-ins"
| #define PACKAGE_TARNAME "gst-jpeg-1.0"
| #define PACKAGE_VERSION "1.2.3"
| #define PACKAGE_STRING "GStreamer Good Jpeg Plug-ins 1.2.3"
| #define PACKAGE_BUGREPORT "http://bugzilla.gnome.org/enter_bug.cgi?product=GStreamer"
| #define PACKAGE_URL ""
| #define PACKAGE "gst-jpeg-1.0"
| #define VERSION "1.2.3"
| #define GST_API_VERSION "1.0"
| #define STDC_HEADERS 1
| #define HAVE_SYS_TYPES_H 1
| #define HAVE_SYS_STAT_H 1
| #define HAVE_STDLIB_H 1
| #define HAVE_STRING_H 1
| #define HAVE_MEMORY_H 1
| #define HAVE_STRINGS_H 1
| #define HAVE_INTTYPES_H 1
| #define HAVE_STDINT_H 1
| #define HAVE_UNISTD_H 1
| #define HAVE_DLFCN_H 1
| #define LT_OBJDIR ".libs/"
| /* end confdefs.h.  */
| 
| /* Override any GCC internal prototype to avoid an error.
|    Use char because int might match the return type of a GCC
|    builtin and then its argument prototype would still apply.  */
| #ifdef __cplusplus
| extern "C"
| #endif
| char shl_load ();
| int
| main ()
| {
| return shl_load ();
|   ;
|   return 0;
| }
configure:12653: result: no
configure:12658: checking for dlopen
configure:12658: gcc -o conftest -g -O2   conftest.c  >&5
/tmp/cco9tU4B.o: In function `main':
/home/swapnil/gst-build/gst-jpeg-1.0/conftest.c:58: undefined reference to `dlopen'
collect2: ld returned 1 exit status
configure:12658: $? = 1
configure: failed program was:
| /* confdefs.h */
| #define PACKAGE_NAME "GStreamer Good Jpeg Plug-ins"
| #define PACKAGE_TARNAME "gst-jpeg-1.0"
| #define PACKAGE_VERSION "1.2.3"
| #define PACKAGE_STRING "GStreamer Good Jpeg Plug-ins 1.2.3"
| #define PACKAGE_BUGREPORT "http://bugzilla.gnome.org/enter_bug.cgi?product=GStreamer"
| #define PACKAGE_URL ""
| #define PACKAGE "gst-jpeg-1.0"
| #define VERSION "1.2.3"
| #define GST_API_VERSION "1.0"
| #define STDC_HEADERS 1
| #define HAVE_SYS_TYPES_H 1
| #define HAVE_SYS_STAT_H 1
| #define HAVE_STDLIB_H 1
| #define HAVE_STRING_H 1
| #define HAVE_MEMORY_H 1
| #define HAVE_STRINGS_H 1
| #define HAVE_INTTYPES_H 1
| #define HAVE_STDINT_H 1
| #define HAVE_UNISTD_H 1
| #define HAVE_DLFCN_H 1
| #define LT_OBJDIR ".libs/"
| /* end confdefs.h.  */
| /* Define dlopen to an innocuous variant, in case <limits.h> declares dlopen.
|    For example, HP-UX 11i <limits.h> declares gettimeofday.  */
| #define dlopen innocuous_dlopen
| 
| /* System header to define __stub macros and hopefully few prototypes,
|     which can conflict with char dlopen (); below.
|     Prefer <limits.h> to <assert.h> if __STDC__ is defined, since
|     <limits.h> exists even on freestanding compilers.  */
| 
| #ifdef __STDC__
| # include <limits.h>
| #else
| # include <assert.h>
| #endif
| 
| #undef dlopen
| 
| /* Override any GCC internal prototype to avoid an error.
|    Use char because int might match the return type of a GCC
|    builtin and then its argument prototype would still apply.  */
| #ifdef __cplusplus
| extern "C"
| #endif
| char dlopen ();
| /* The GNU C library defines this for functions which it implements
|     to always fail with ENOSYS.  Some functions are actually named
|     something starting with __ and the normal name is an alias.  */
| #if defined __stub_dlopen || defined __stub___dlopen
| choke me
| #endif
| 
| int
| main ()
| {
| return dlopen ();
|   ;
|   return 0;
| }
configure:12658: result: no
configure:12662: checking for dlopen in -ldl
configure:12687: gcc -o conftest -g -O2   conftest.c -ldl   >&5
configure:12687: $? = 0
configure:12696: result: yes
configure:12815: checking whether a program can dlopen itself
configure:12895: gcc -o conftest -g -O2  -DHAVE_DLFCN_H  -Wl,--export-dynamic conftest.c -ldl  >&5
configure:12898: $? = 0
configure:12916: result: yes
configure:12921: checking whether a statically linked program can dlopen itself
configure:13001: gcc -o conftest -g -O2  -DHAVE_DLFCN_H  -Wl,--export-dynamic -static conftest.c -ldl  >&5
/tmp/ccSIDrkP.o: In function `main':
/home/swapnil/gst-build/gst-jpeg-1.0/configure:12980: warning: Using 'dlopen' in statically linked applications requires at runtime the shared libraries from the glibc version used for linking
/usr/bin/ld: dynamic STT_GNU_IFUNC symbol `strcmp' with pointer equality in `/usr/lib/gcc/x86_64-linux-gnu/4.6/../../../x86_64-linux-gnu/libc.a(strcmp.o)' can not be used when making an executable; recompile with -fPIE and relink with -pie
collect2: ld returned 1 exit status
configure:13004: $? = 1
configure:13022: result: no
configure:13061: checking whether stripping libraries is possible
configure:13066: result: yes
configure:13101: checking if libtool supports shared libraries
configure:13103: result: yes
configure:13106: checking whether to build shared libraries
configure:13127: result: yes
configure:13130: checking whether to build static libraries
configure:13134: result: no
configure:13240: checking whether NLS is requested
configure:13249: result: yes
configure:13290: checking for msgfmt
configure: trying /usr/bin/msgfmt...
0 translated messages.
configure:13322: result: /usr/bin/msgfmt
configure:13331: checking for gmsgfmt
configure:13362: result: /usr/bin/msgfmt
configure:13413: checking for xgettext
configure: trying /usr/bin/xgettext...
/usr/bin/xgettext: warning: file `/dev/null' extension `' is unknown; will try C
configure:13445: result: /usr/bin/xgettext
configure:13491: checking for msgmerge
configure: trying /usr/bin/msgmerge...
configure:13522: result: /usr/bin/msgmerge
configure:13579: checking for ld used by GCC
configure:13643: result: /usr/bin/ld -m elf_x86_64
configure:13650: checking if the linker (/usr/bin/ld -m elf_x86_64) is GNU ld
configure:13663: result: yes
configure:13670: checking for shared library run path origin
configure:13683: result: done
configure:14184: checking for CFPreferencesCopyAppValue
configure:14202: gcc -o conftest -g -O2   conftest.c  -Wl,-framework -Wl,CoreFoundation >&5
conftest.c:24:42: fatal error: CoreFoundation/CFPreferences.h: No such file or directory
compilation terminated.
configure:14202: $? = 1
configure: failed program was:
| /* confdefs.h */
| #define PACKAGE_NAME "GStreamer Good Jpeg Plug-ins"
| #define PACKAGE_TARNAME "gst-jpeg-1.0"
| #define PACKAGE_VERSION "1.2.3"
| #define PACKAGE_STRING "GStreamer Good Jpeg Plug-ins 1.2.3"
| #define PACKAGE_BUGREPORT "http://bugzilla.gnome.org/enter_bug.cgi?product=GStreamer"
| #define PACKAGE_URL ""
| #define PACKAGE "gst-jpeg-1.0"
| #define VERSION "1.2.3"
| #define GST_API_VERSION "1.0"
| #define STDC_HEADERS 1
| #define HAVE_SYS_TYPES_H 1
| #define HAVE_SYS_STAT_H 1
| #define HAVE_STDLIB_H 1
| #define HAVE_STRING_H 1
| #define HAVE_MEMORY_H 1
| #define HAVE_STRINGS_H 1
| #define HAVE_INTTYPES_H 1
| #define HAVE_STDINT_H 1
| #define HAVE_UNISTD_H 1
| #define HAVE_DLFCN_H 1
| #define LT_OBJDIR ".libs/"
| /* end confdefs.h.  */
| #include <CoreFoundation/CFPreferences.h>
| int
| main ()
| {
| CFPreferencesCopyAppValue(NULL, NULL)
|   ;
|   return 0;
| }
configure:14211: result: no
configure:14218: checking for CFLocaleCopyCurrent
configure:14236: gcc -o conftest -g -O2   conftest.c  -Wl,-framework -Wl,CoreFoundation >&5
conftest.c:24:37: fatal error: CoreFoundation/CFLocale.h: No such file or directory
compilation terminated.
configure:14236: $? = 1
configure: failed program was:
| /* confdefs.h */
| #define PACKAGE_NAME "GStreamer Good Jpeg Plug-ins"
| #define PACKAGE_TARNAME "gst-jpeg-1.0"
| #define PACKAGE_VERSION "1.2.3"
| #define PACKAGE_STRING "GStreamer Good Jpeg Plug-ins 1.2.3"
| #define PACKAGE_BUGREPORT "http://bugzilla.gnome.org/enter_bug.cgi?product=GStreamer"
| #define PACKAGE_URL ""
| #define PACKAGE "gst-jpeg-1.0"
| #define VERSION "1.2.3"
| #define GST_API_VERSION "1.0"
| #define STDC_HEADERS 1
| #define HAVE_SYS_TYPES_H 1
| #define HAVE_SYS_STAT_H 1
| #define HAVE_STDLIB_H 1
| #define HAVE_STRING_H 1
| #define HAVE_MEMORY_H 1
| #define HAVE_STRINGS_H 1
| #define HAVE_INTTYPES_H 1
| #define HAVE_STDINT_H 1
| #define HAVE_UNISTD_H 1
| #define HAVE_DLFCN_H 1
| #define LT_OBJDIR ".libs/"
| /* end confdefs.h.  */
| #include <CoreFoundation/CFLocale.h>
| int
| main ()
| {
| CFLocaleCopyCurrent();
|   ;
|   return 0;
| }
configure:14245: result: no
configure:14294: checking for GNU gettext in libc
configure:14314: gcc -o conftest -g -O2   conftest.c  >&5
configure:14314: $? = 0
configure:14323: result: yes
configure:15069: checking whether to use NLS
configure:15071: result: yes
configure:15074: checking where the gettext function comes from
configure:15085: result: libc
configure:15290: checking for pkg-config
configure:15308: found /usr/bin/pkg-config
configure:15320: result: /usr/bin/pkg-config
configure:15345: checking pkg-config is at least version 0.9.0
configure:15348: result: yes
configure:15374: checking for VALGRIND
configure:15382: $PKG_CONFIG --exists --print-errors "valgrind >= $VALGRIND_REQ"
Package valgrind was not found in the pkg-config search path.
Perhaps you should add the directory containing `valgrind.pc'
to the PKG_CONFIG_PATH environment variable
No package 'valgrind' found
configure:15385: $? = 1
configure:15400: $PKG_CONFIG --exists --print-errors "valgrind >= $VALGRIND_REQ"
Package valgrind was not found in the pkg-config search path.
Perhaps you should add the directory containing `valgrind.pc'
to the PKG_CONFIG_PATH environment variable
No package 'valgrind' found
configure:15403: $? = 1
No package 'valgrind' found
configure:15431: result: no
configure:15644: Using GStreamer Good Jpeg Plug-ins source release as package name
configure:15668: Using Unknown package origin as package origin
configure:15699: *** checking feature: building of plug-ins with external deps ***
configure:15760: building external plug-ins
configure:15803: *** checking feature: building of experimental plug-ins ***
configure:15880: not building experimental plug-ins
configure:16023: checking whether byte ordering is bigendian
configure:16038: gcc -c -g -O2  conftest.c >&5
conftest.c:34:9: error: unknown type name 'not'
conftest.c:34:15: error: expected '=', ',', ';', 'asm' or '__attribute__' before 'universal'
conftest.c:34:15: error: unknown type name 'universal'
configure:16038: $? = 1
configure: failed program was:
| /* confdefs.h */
| #define PACKAGE_NAME "GStreamer Good Jpeg Plug-ins"
| #define PACKAGE_TARNAME "gst-jpeg-1.0"
| #define PACKAGE_VERSION "1.2.3"
| #define PACKAGE_STRING "GStreamer Good Jpeg Plug-ins 1.2.3"
| #define PACKAGE_BUGREPORT "http://bugzilla.gnome.org/enter_bug.cgi?product=GStreamer"
| #define PACKAGE_URL ""
| #define PACKAGE "gst-jpeg-1.0"
| #define VERSION "1.2.3"
| #define GST_API_VERSION "1.0"
| #define STDC_HEADERS 1
| #define HAVE_SYS_TYPES_H 1
| #define HAVE_SYS_STAT_H 1
| #define HAVE_STDLIB_H 1
| #define HAVE_STRING_H 1
| #define HAVE_MEMORY_H 1
| #define HAVE_STRINGS_H 1
| #define HAVE_INTTYPES_H 1
| #define HAVE_STDINT_H 1
| #define HAVE_UNISTD_H 1
| #define HAVE_DLFCN_H 1
| #define LT_OBJDIR ".libs/"
| #define ENABLE_NLS 1
| #define HAVE_GETTEXT 1
| #define HAVE_DCGETTEXT 1
| #define GETTEXT_PACKAGE "gst-plugins-good-1.0"
| #define LOCALEDIR "/usr/local/share/locale"
| #define GST_PACKAGE_NAME "GStreamer Good Jpeg Plug-ins source release"
| #define GST_PACKAGE_ORIGIN "Unknown package origin"
| #define HAVE_EXTERNAL /**/
| #define HAVE_CPU_X86_64 1
| /* end confdefs.h.  */
| #ifndef __APPLE_CC__
| 	       not a universal capable compiler
| 	     #endif
| 	     typedef int dummy;
| 
configure:16083: gcc -c -g -O2  conftest.c >&5
configure:16083: $? = 0
configure:16101: gcc -c -g -O2  conftest.c >&5
conftest.c: In function 'main':
conftest.c:40:4: error: unknown type name 'not'
conftest.c:40:12: error: expected '=', ',', ';', 'asm' or '__attribute__' before 'endian'
configure:16101: $? = 1
configure: failed program was:
| /* confdefs.h */
| #define PACKAGE_NAME "GStreamer Good Jpeg Plug-ins"
| #define PACKAGE_TARNAME "gst-jpeg-1.0"
| #define PACKAGE_VERSION "1.2.3"
| #define PACKAGE_STRING "GStreamer Good Jpeg Plug-ins 1.2.3"
| #define PACKAGE_BUGREPORT "http://bugzilla.gnome.org/enter_bug.cgi?product=GStreamer"
| #define PACKAGE_URL ""
| #define PACKAGE "gst-jpeg-1.0"
| #define VERSION "1.2.3"
| #define GST_API_VERSION "1.0"
| #define STDC_HEADERS 1
| #define HAVE_SYS_TYPES_H 1
| #define HAVE_SYS_STAT_H 1
| #define HAVE_STDLIB_H 1
| #define HAVE_STRING_H 1
| #define HAVE_MEMORY_H 1
| #define HAVE_STRINGS_H 1
| #define HAVE_INTTYPES_H 1
| #define HAVE_STDINT_H 1
| #define HAVE_UNISTD_H 1
| #define HAVE_DLFCN_H 1
| #define LT_OBJDIR ".libs/"
| #define ENABLE_NLS 1
| #define HAVE_GETTEXT 1
| #define HAVE_DCGETTEXT 1
| #define GETTEXT_PACKAGE "gst-plugins-good-1.0"
| #define LOCALEDIR "/usr/local/share/locale"
| #define GST_PACKAGE_NAME "GStreamer Good Jpeg Plug-ins source release"
| #define GST_PACKAGE_ORIGIN "Unknown package origin"
| #define HAVE_EXTERNAL /**/
| #define HAVE_CPU_X86_64 1
| /* end confdefs.h.  */
| #include <sys/types.h>
| 		#include <sys/param.h>
| 
| int
| main ()
| {
| #if BYTE_ORDER != BIG_ENDIAN
| 		 not big endian
| 		#endif
| 
|   ;
|   return 0;
| }
configure:16229: result: no
configure:16373: checking whether byte ordering is bigendian
configure:16579: result: no
configure:16647: checking for gcc
configure:16674: result: gcc
configure:16903: checking for C compiler version
configure:16912: gcc --version >&5
gcc (Ubuntu/Linaro 4.6.3-1ubuntu5) 4.6.3
Copyright (C) 2011 Free Software Foundation, Inc.
This is free software; see the source for copying conditions.  There is NO
warranty; not even for MERCHANTABILITY or FITNESS FOR A PARTICULAR PURPOSE.

configure:16923: $? = 0
configure:16912: gcc -v >&5
Using built-in specs.
COLLECT_GCC=gcc
COLLECT_LTO_WRAPPER=/usr/lib/gcc/x86_64-linux-gnu/4.6/lto-wrapper
Target: x86_64-linux-gnu
Configured with: ../src/configure -v --with-pkgversion='Ubuntu/Linaro 4.6.3-1ubuntu5' --with-bugurl=file:///usr/share/doc/gcc-4.6/README.Bugs --enable-languages=c,c++,fortran,objc,obj-c++ --prefix=/usr --program-suffix=-4.6 --enable-shared --enable-linker-build-id --with-system-zlib --libexecdir=/usr/lib --without-included-gettext --enable-threads=posix --with-gxx-include-dir=/usr/include/c++/4.6 --libdir=/usr/lib --enable-nls --with-sysroot=/ --enable-clocale=gnu --enable-libstdcxx-debug --enable-libstdcxx-time=yes --enable-gnu-unique-object --enable-plugin --enable-objc-gc --disable-werror --with-arch-32=i686 --with-tune=generic --enable-checking=release --build=x86_64-linux-gnu --host=x86_64-linux-gnu --target=x86_64-linux-gnu
Thread model: posix
gcc version 4.6.3 (Ubuntu/Linaro 4.6.3-1ubuntu5) 
configure:16923: $? = 0
configure:16912: gcc -V >&5
gcc: error: unrecognized option '-V'
gcc: fatal error: no input files
compilation terminated.
configure:16923: $? = 4
configure:16912: gcc -qversion >&5
gcc: error: unrecognized option '-qversion'
gcc: fatal error: no input files
compilation terminated.
configure:16923: $? = 4
configure:16927: checking whether we are using the GNU C compiler
configure:16955: result: yes
configure:16964: checking whether gcc accepts -g
configure:17025: result: yes
configure:17042: checking for gcc option to accept ISO C89
configure:17119: result: none needed
configure:17141: checking dependency style of gcc
configure:17252: result: gcc3
configure:17271: checking for gcc option to accept ISO C99
configure:17420: gcc  -c -g -O2  conftest.c >&5
conftest.c:85:29: error: expected ';', ',' or ')' before 'text'
conftest.c: In function 'main':
conftest.c:139:18: error: expected '=', ',', ';', 'asm' or '__attribute__' before 'newvar'
conftest.c:139:18: error: 'newvar' undeclared (first use in this function)
conftest.c:139:18: note: each undeclared identifier is reported only once for each function it appears in
conftest.c:149:3: error: 'for' loop initial declarations are only allowed in C99 mode
conftest.c:149:3: note: use option -std=c99 or -std=gnu99 to compile your code
configure:17420: $? = 1
configure: failed program was:
| /* confdefs.h */
| #define PACKAGE_NAME "GStreamer Good Jpeg Plug-ins"
| #define PACKAGE_TARNAME "gst-jpeg-1.0"
| #define PACKAGE_VERSION "1.2.3"
| #define PACKAGE_STRING "GStreamer Good Jpeg Plug-ins 1.2.3"
| #define PACKAGE_BUGREPORT "http://bugzilla.gnome.org/enter_bug.cgi?product=GStreamer"
| #define PACKAGE_URL ""
| #define PACKAGE "gst-jpeg-1.0"
| #define VERSION "1.2.3"
| #define GST_API_VERSION "1.0"
| #define STDC_HEADERS 1
| #define HAVE_SYS_TYPES_H 1
| #define HAVE_SYS_STAT_H 1
| #define HAVE_STDLIB_H 1
| #define HAVE_STRING_H 1
| #define HAVE_MEMORY_H 1
| #define HAVE_STRINGS_H 1
| #define HAVE_INTTYPES_H 1
| #define HAVE_STDINT_H 1
| #define HAVE_UNISTD_H 1
| #define HAVE_DLFCN_H 1
| #define LT_OBJDIR ".libs/"
| #define ENABLE_NLS 1
| #define HAVE_GETTEXT 1
| #define HAVE_DCGETTEXT 1
| #define GETTEXT_PACKAGE "gst-plugins-good-1.0"
| #define LOCALEDIR "/usr/local/share/locale"
| #define GST_PACKAGE_NAME "GStreamer Good Jpeg Plug-ins source release"
| #define GST_PACKAGE_ORIGIN "Unknown package origin"
| #define HAVE_EXTERNAL /**/
| #define HAVE_CPU_X86_64 1
| #define HOST_CPU "x86_64"
| #define TARGET_CPU "x86_64"
| /* end confdefs.h.  */
| #include <stdarg.h>
| #include <stdbool.h>
| #include <stdlib.h>
| #include <wchar.h>
| #include <stdio.h>
| 
| // Check varargs macros.  These examples are taken from C99 6.10.3.5.
| #define debug(...) fprintf (stderr, __VA_ARGS__)
| #define showlist(...) puts (#__VA_ARGS__)
| #define report(test,...) ((test) ? puts (#test) : printf (__VA_ARGS__))
| static void
| test_varargs_macros (void)
| {
|   int x = 1234;
|   int y = 5678;
|   debug ("Flag");
|   debug ("X = %d\n", x);
|   showlist (The first, second, and third items.);
|   report (x>y, "x is %d but y is %d", x, y);
| }
| 
| // Check long long types.
| #define BIG64 18446744073709551615ull
| #define BIG32 4294967295ul
| #define BIG_OK (BIG64 / BIG32 == 4294967297ull && BIG64 % BIG32 == 0)
| #if !BIG_OK
|   your preprocessor is broken;
| #endif
| #if BIG_OK
| #else
|   your preprocessor is broken;
| #endif
| static long long int bignum = -9223372036854775807LL;
| static unsigned long long int ubignum = BIG64;
| 
| struct incomplete_array
| {
|   int datasize;
|   double data[];
| };
| 
| struct named_init {
|   int number;
|   const wchar_t *name;
|   double average;
| };
| 
| typedef const char *ccp;
| 
| static inline int
| test_restrict (ccp restrict text)
| {
|   // See if C++-style comments work.
|   // Iterate through items via the restricted pointer.
|   // Also check for declarations in for loops.
|   for (unsigned int i = 0; *(text+i) != '\0'; ++i)
|     continue;
|   return 0;
| }
| 
| // Check varargs and va_copy.
| static void
| test_varargs (const char *format, ...)
| {
|   va_list args;
|   va_start (args, format);
|   va_list args_copy;
|   va_copy (args_copy, args);
| 
|   const char *str;
|   int number;
|   float fnumber;
| 
|   while (*format)
|     {
|       switch (*format++)
| 	{
| 	case 's': // string
| 	  str = va_arg (args_copy, const char *);
| 	  break;
| 	case 'd': // int
| 	  number = va_arg (args_copy, int);
| 	  break;
| 	case 'f': // float
| 	  fnumber = va_arg (args_copy, double);
| 	  break;
| 	default:
| 	  break;
| 	}
|     }
|   va_end (args_copy);
|   va_end (args);
| }
| 
| int
| main ()
| {
| 
|   // Check bool.
|   _Bool success = false;
| 
|   // Check restrict.
|   if (test_restrict ("String literal") == 0)
|     success = true;
|   char *restrict newvar = "Another string";
| 
|   // Check varargs.
|   test_varargs ("s, d' f .", "string", 65, 34.234);
|   test_varargs_macros ();
| 
|   // Check flexible array members.
|   struct incomplete_array *ia =
|     malloc (sizeof (struct incomplete_array) + (sizeof (double) * 10));
|   ia->datasize = 10;
|   for (int i = 0; i < ia->datasize; ++i)
|     ia->data[i] = i * 1.234;
| 
|   // Check named initializers.
|   struct named_init ni = {
|     .number = 34,
|     .name = L"Test wide string",
|     .average = 543.34343,
|   };
| 
|   ni.number = 58;
| 
|   int dynamic_array[ni.number];
|   dynamic_array[ni.number - 1] = 543;
| 
|   // work around unused variable warnings
|   return (!success || bignum == 0LL || ubignum == 0uLL || newvar[0] == 'x'
| 	  || dynamic_array[ni.number - 1] != 543);
| 
|   ;
|   return 0;
| }
configure:17420: gcc -std=gnu99 -c -g -O2  conftest.c >&5
configure:17420: $? = 0
configure:17440: result: -std=gnu99
configure:17542: checking for gcc -std=gnu99 option to accept ISO Standard C
configure:17556: result: -std=gnu99
configure:17619: checking for g++
configure:17635: found /usr/bin/g++
configure:17646: result: g++
configure:17673: checking for C++ compiler version
configure:17682: g++ --version >&5
g++ (Ubuntu/Linaro 4.6.3-1ubuntu5) 4.6.3
Copyright (C) 2011 Free Software Foundation, Inc.
This is free software; see the source for copying conditions.  There is NO
warranty; not even for MERCHANTABILITY or FITNESS FOR A PARTICULAR PURPOSE.

configure:17693: $? = 0
configure:17682: g++ -v >&5
Using built-in specs.
COLLECT_GCC=g++
COLLECT_LTO_WRAPPER=/usr/lib/gcc/x86_64-linux-gnu/4.6/lto-wrapper
Target: x86_64-linux-gnu
Configured with: ../src/configure -v --with-pkgversion='Ubuntu/Linaro 4.6.3-1ubuntu5' --with-bugurl=file:///usr/share/doc/gcc-4.6/README.Bugs --enable-languages=c,c++,fortran,objc,obj-c++ --prefix=/usr --program-suffix=-4.6 --enable-shared --enable-linker-build-id --with-system-zlib --libexecdir=/usr/lib --without-included-gettext --enable-threads=posix --with-gxx-include-dir=/usr/include/c++/4.6 --libdir=/usr/lib --enable-nls --with-sysroot=/ --enable-clocale=gnu --enable-libstdcxx-debug --enable-libstdcxx-time=yes --enable-gnu-unique-object --enable-plugin --enable-objc-gc --disable-werror --with-arch-32=i686 --with-tune=generic --enable-checking=release --build=x86_64-linux-gnu --host=x86_64-linux-gnu --target=x86_64-linux-gnu
Thread model: posix
gcc version 4.6.3 (Ubuntu/Linaro 4.6.3-1ubuntu5) 
configure:17693: $? = 0
configure:17682: g++ -V >&5
g++: error: unrecognized option '-V'
g++: fatal error: no input files
compilation terminated.
configure:17693: $? = 4
configure:17682: g++ -qversion >&5
g++: error: unrecognized option '-qversion'
g++: fatal error: no input files
compilation terminated.
configure:17693: $? = 4
configure:17697: checking whether we are using the GNU C++ compiler
configure:17716: g++ -c   conftest.cpp >&5
configure:17716: $? = 0
configure:17725: result: yes
configure:17734: checking whether g++ accepts -g
configure:17754: g++ -c -g  conftest.cpp >&5
configure:17754: $? = 0
configure:17795: result: yes
configure:17820: checking dependency style of g++
configure:17931: result: gcc3
configure:17964: checking how to run the C++ preprocessor
configure:17991: g++ -E  conftest.cpp
configure:17991: $? = 0
configure:18005: g++ -E  conftest.cpp
conftest.cpp:35:28: fatal error: ac_nonexistent.h: No such file or directory
compilation terminated.
configure:18005: $? = 1
configure: failed program was:
| /* confdefs.h */
| #define PACKAGE_NAME "GStreamer Good Jpeg Plug-ins"
| #define PACKAGE_TARNAME "gst-jpeg-1.0"
| #define PACKAGE_VERSION "1.2.3"
| #define PACKAGE_STRING "GStreamer Good Jpeg Plug-ins 1.2.3"
| #define PACKAGE_BUGREPORT "http://bugzilla.gnome.org/enter_bug.cgi?product=GStreamer"
| #define PACKAGE_URL ""
| #define PACKAGE "gst-jpeg-1.0"
| #define VERSION "1.2.3"
| #define GST_API_VERSION "1.0"
| #define STDC_HEADERS 1
| #define HAVE_SYS_TYPES_H 1
| #define HAVE_SYS_STAT_H 1
| #define HAVE_STDLIB_H 1
| #define HAVE_STRING_H 1
| #define HAVE_MEMORY_H 1
| #define HAVE_STRINGS_H 1
| #define HAVE_INTTYPES_H 1
| #define HAVE_STDINT_H 1
| #define HAVE_UNISTD_H 1
| #define HAVE_DLFCN_H 1
| #define LT_OBJDIR ".libs/"
| #define ENABLE_NLS 1
| #define HAVE_GETTEXT 1
| #define HAVE_DCGETTEXT 1
| #define GETTEXT_PACKAGE "gst-plugins-good-1.0"
| #define LOCALEDIR "/usr/local/share/locale"
| #define GST_PACKAGE_NAME "GStreamer Good Jpeg Plug-ins source release"
| #define GST_PACKAGE_ORIGIN "Unknown package origin"
| #define HAVE_EXTERNAL /**/
| #define HAVE_CPU_X86_64 1
| #define HOST_CPU "x86_64"
| #define TARGET_CPU "x86_64"
| /* end confdefs.h.  */
| #include <ac_nonexistent.h>
configure:18030: result: g++ -E
configure:18050: g++ -E  conftest.cpp
configure:18050: $? = 0
configure:18064: g++ -E  conftest.cpp
conftest.cpp:35:28: fatal error: ac_nonexistent.h: No such file or directory
compilation terminated.
configure:18064: $? = 1
configure: failed program was:
| /* confdefs.h */
| #define PACKAGE_NAME "GStreamer Good Jpeg Plug-ins"
| #define PACKAGE_TARNAME "gst-jpeg-1.0"
| #define PACKAGE_VERSION "1.2.3"
| #define PACKAGE_STRING "GStreamer Good Jpeg Plug-ins 1.2.3"
| #define PACKAGE_BUGREPORT "http://bugzilla.gnome.org/enter_bug.cgi?product=GStreamer"
| #define PACKAGE_URL ""
| #define PACKAGE "gst-jpeg-1.0"
| #define VERSION "1.2.3"
| #define GST_API_VERSION "1.0"
| #define STDC_HEADERS 1
| #define HAVE_SYS_TYPES_H 1
| #define HAVE_SYS_STAT_H 1
| #define HAVE_STDLIB_H 1
| #define HAVE_STRING_H 1
| #define HAVE_MEMORY_H 1
| #define HAVE_STRINGS_H 1
| #define HAVE_INTTYPES_H 1
| #define HAVE_STDINT_H 1
| #define HAVE_UNISTD_H 1
| #define HAVE_DLFCN_H 1
| #define LT_OBJDIR ".libs/"
| #define ENABLE_NLS 1
| #define HAVE_GETTEXT 1
| #define HAVE_DCGETTEXT 1
| #define GETTEXT_PACKAGE "gst-plugins-good-1.0"
| #define LOCALEDIR "/usr/local/share/locale"
| #define GST_PACKAGE_NAME "GStreamer Good Jpeg Plug-ins source release"
| #define GST_PACKAGE_ORIGIN "Unknown package origin"
| #define HAVE_EXTERNAL /**/
| #define HAVE_CPU_X86_64 1
| #define HOST_CPU "x86_64"
| #define TARGET_CPU "x86_64"
| /* end confdefs.h.  */
| #include <ac_nonexistent.h>
configure:18233: checking for ld used by g++
configure:18300: result: /usr/bin/ld -m elf_x86_64
configure:18307: checking if the linker (/usr/bin/ld -m elf_x86_64) is GNU ld
configure:18322: result: yes
configure:18377: checking whether the g++ linker (/usr/bin/ld -m elf_x86_64) supports shared libraries
configure:19382: result: yes
configure:19418: g++ -c   conftest.cpp >&5
configure:19421: $? = 0
configure:19941: checking for g++ option to produce PIC
configure:19948: result: -fPIC -DPIC
configure:19956: checking if g++ PIC flag -fPIC -DPIC works
configure:19974: g++ -c   -fPIC -DPIC -DPIC conftest.cpp >&5
configure:19978: $? = 0
configure:19991: result: yes
configure:20014: checking if g++ static flag -static works
configure:20042: result: yes
configure:20054: checking if g++ supports -c -o file.o
configure:20075: g++ -c   -o out/conftest2.o conftest.cpp >&5
configure:20079: $? = 0
configure:20101: result: yes
configure:20106: checking if g++ supports -c -o file.o
configure:20153: result: yes
configure:20183: checking whether the g++ linker (/usr/bin/ld -m elf_x86_64) supports shared libraries
configure:20222: result: yes
configure:20363: checking dynamic linker characteristics
configure:21042: result: GNU/Linux ld.so
configure:21095: checking how to hardcode library paths into programs
configure:21120: result: immediate
configure:21162: checking for g++
configure:21178: found /usr/bin/g++
configure:21190: result: yes
configure:21204: checking how to run the C++ preprocessor
configure:21270: result: g++ -E
configure:21290: g++ -E  conftest.cpp
configure:21290: $? = 0
configure:21304: g++ -E  conftest.cpp
conftest.cpp:35:28: fatal error: ac_nonexistent.h: No such file or directory
compilation terminated.
configure:21304: $? = 1
configure: failed program was:
| /* confdefs.h */
| #define PACKAGE_NAME "GStreamer Good Jpeg Plug-ins"
| #define PACKAGE_TARNAME "gst-jpeg-1.0"
| #define PACKAGE_VERSION "1.2.3"
| #define PACKAGE_STRING "GStreamer Good Jpeg Plug-ins 1.2.3"
| #define PACKAGE_BUGREPORT "http://bugzilla.gnome.org/enter_bug.cgi?product=GStreamer"
| #define PACKAGE_URL ""
| #define PACKAGE "gst-jpeg-1.0"
| #define VERSION "1.2.3"
| #define GST_API_VERSION "1.0"
| #define STDC_HEADERS 1
| #define HAVE_SYS_TYPES_H 1
| #define HAVE_SYS_STAT_H 1
| #define HAVE_STDLIB_H 1
| #define HAVE_STRING_H 1
| #define HAVE_MEMORY_H 1
| #define HAVE_STRINGS_H 1
| #define HAVE_INTTYPES_H 1
| #define HAVE_STDINT_H 1
| #define HAVE_UNISTD_H 1
| #define HAVE_DLFCN_H 1
| #define LT_OBJDIR ".libs/"
| #define ENABLE_NLS 1
| #define HAVE_GETTEXT 1
| #define HAVE_DCGETTEXT 1
| #define GETTEXT_PACKAGE "gst-plugins-good-1.0"
| #define LOCALEDIR "/usr/local/share/locale"
| #define GST_PACKAGE_NAME "GStreamer Good Jpeg Plug-ins source release"
| #define GST_PACKAGE_ORIGIN "Unknown package origin"
| #define HAVE_EXTERNAL /**/
| #define HAVE_CPU_X86_64 1
| #define HOST_CPU "x86_64"
| #define TARGET_CPU "x86_64"
| /* end confdefs.h.  */
| #include <ac_nonexistent.h>
configure:21387: checking for gcc
configure:21403: found /usr/bin/gcc
configure:21414: result: gcc
configure:21439: checking for Objective C compiler version
configure:21448: gcc --version >&5
gcc (Ubuntu/Linaro 4.6.3-1ubuntu5) 4.6.3
Copyright (C) 2011 Free Software Foundation, Inc.
This is free software; see the source for copying conditions.  There is NO
warranty; not even for MERCHANTABILITY or FITNESS FOR A PARTICULAR PURPOSE.

configure:21459: $? = 0
configure:21448: gcc -v >&5
Using built-in specs.
COLLECT_GCC=gcc
COLLECT_LTO_WRAPPER=/usr/lib/gcc/x86_64-linux-gnu/4.6/lto-wrapper
Target: x86_64-linux-gnu
Configured with: ../src/configure -v --with-pkgversion='Ubuntu/Linaro 4.6.3-1ubuntu5' --with-bugurl=file:///usr/share/doc/gcc-4.6/README.Bugs --enable-languages=c,c++,fortran,objc,obj-c++ --prefix=/usr --program-suffix=-4.6 --enable-shared --enable-linker-build-id --with-system-zlib --libexecdir=/usr/lib --without-included-gettext --enable-threads=posix --with-gxx-include-dir=/usr/include/c++/4.6 --libdir=/usr/lib --enable-nls --with-sysroot=/ --enable-clocale=gnu --enable-libstdcxx-debug --enable-libstdcxx-time=yes --enable-gnu-unique-object --enable-plugin --enable-objc-gc --disable-werror --with-arch-32=i686 --with-tune=generic --enable-checking=release --build=x86_64-linux-gnu --host=x86_64-linux-gnu --target=x86_64-linux-gnu
Thread model: posix
gcc version 4.6.3 (Ubuntu/Linaro 4.6.3-1ubuntu5) 
configure:21459: $? = 0
configure:21448: gcc -V >&5
gcc: error: unrecognized option '-V'
gcc: fatal error: no input files
compilation terminated.
configure:21459: $? = 4
configure:21448: gcc -qversion >&5
gcc: error: unrecognized option '-qversion'
gcc: fatal error: no input files
compilation terminated.
configure:21459: $? = 4
configure:21463: checking whether we are using the GNU Objective C compiler
configure:21482: gcc -c   conftest.m >&5
gcc: error trying to exec 'cc1obj': execvp: No such file or directory
configure:21482: $? = 1
configure: failed program was:
| /* confdefs.h */
| #define PACKAGE_NAME "GStreamer Good Jpeg Plug-ins"
| #define PACKAGE_TARNAME "gst-jpeg-1.0"
| #define PACKAGE_VERSION "1.2.3"
| #define PACKAGE_STRING "GStreamer Good Jpeg Plug-ins 1.2.3"
| #define PACKAGE_BUGREPORT "http://bugzilla.gnome.org/enter_bug.cgi?product=GStreamer"
| #define PACKAGE_URL ""
| #define PACKAGE "gst-jpeg-1.0"
| #define VERSION "1.2.3"
| #define GST_API_VERSION "1.0"
| #define STDC_HEADERS 1
| #define HAVE_SYS_TYPES_H 1
| #define HAVE_SYS_STAT_H 1
| #define HAVE_STDLIB_H 1
| #define HAVE_STRING_H 1
| #define HAVE_MEMORY_H 1
| #define HAVE_STRINGS_H 1
| #define HAVE_INTTYPES_H 1
| #define HAVE_STDINT_H 1
| #define HAVE_UNISTD_H 1
| #define HAVE_DLFCN_H 1
| #define LT_OBJDIR ".libs/"
| #define ENABLE_NLS 1
| #define HAVE_GETTEXT 1
| #define HAVE_DCGETTEXT 1
| #define GETTEXT_PACKAGE "gst-plugins-good-1.0"
| #define LOCALEDIR "/usr/local/share/locale"
| #define GST_PACKAGE_NAME "GStreamer Good Jpeg Plug-ins source release"
| #define GST_PACKAGE_ORIGIN "Unknown package origin"
| #define HAVE_EXTERNAL /**/
| #define HAVE_CPU_X86_64 1
| #define HOST_CPU "x86_64"
| #define TARGET_CPU "x86_64"
| /* end confdefs.h.  */
| 
| int
| main ()
| {
| #ifndef __GNUC__
|        choke me
| #endif
| 
|   ;
|   return 0;
| }
configure:21491: result: no
configure:21500: checking whether gcc accepts -g
configure:21520: gcc -c -g  conftest.m >&5
gcc: error trying to exec 'cc1obj': execvp: No such file or directory
configure:21520: $? = 1
configure: failed program was:
| /* confdefs.h */
| #define PACKAGE_NAME "GStreamer Good Jpeg Plug-ins"
| #define PACKAGE_TARNAME "gst-jpeg-1.0"
| #define PACKAGE_VERSION "1.2.3"
| #define PACKAGE_STRING "GStreamer Good Jpeg Plug-ins 1.2.3"
| #define PACKAGE_BUGREPORT "http://bugzilla.gnome.org/enter_bug.cgi?product=GStreamer"
| #define PACKAGE_URL ""
| #define PACKAGE "gst-jpeg-1.0"
| #define VERSION "1.2.3"
| #define GST_API_VERSION "1.0"
| #define STDC_HEADERS 1
| #define HAVE_SYS_TYPES_H 1
| #define HAVE_SYS_STAT_H 1
| #define HAVE_STDLIB_H 1
| #define HAVE_STRING_H 1
| #define HAVE_MEMORY_H 1
| #define HAVE_STRINGS_H 1
| #define HAVE_INTTYPES_H 1
| #define HAVE_STDINT_H 1
| #define HAVE_UNISTD_H 1
| #define HAVE_DLFCN_H 1
| #define LT_OBJDIR ".libs/"
| #define ENABLE_NLS 1
| #define HAVE_GETTEXT 1
| #define HAVE_DCGETTEXT 1
| #define GETTEXT_PACKAGE "gst-plugins-good-1.0"
| #define LOCALEDIR "/usr/local/share/locale"
| #define GST_PACKAGE_NAME "GStreamer Good Jpeg Plug-ins source release"
| #define GST_PACKAGE_ORIGIN "Unknown package origin"
| #define HAVE_EXTERNAL /**/
| #define HAVE_CPU_X86_64 1
| #define HOST_CPU "x86_64"
| #define TARGET_CPU "x86_64"
| /* end confdefs.h.  */
| 
| int
| main ()
| {
| 
|   ;
|   return 0;
| }
configure:21535: gcc -c   conftest.m >&5
gcc: error trying to exec 'cc1obj': execvp: No such file or directory
configure:21535: $? = 1
configure: failed program was:
| /* confdefs.h */
| #define PACKAGE_NAME "GStreamer Good Jpeg Plug-ins"
| #define PACKAGE_TARNAME "gst-jpeg-1.0"
| #define PACKAGE_VERSION "1.2.3"
| #define PACKAGE_STRING "GStreamer Good Jpeg Plug-ins 1.2.3"
| #define PACKAGE_BUGREPORT "http://bugzilla.gnome.org/enter_bug.cgi?product=GStreamer"
| #define PACKAGE_URL ""
| #define PACKAGE "gst-jpeg-1.0"
| #define VERSION "1.2.3"
| #define GST_API_VERSION "1.0"
| #define STDC_HEADERS 1
| #define HAVE_SYS_TYPES_H 1
| #define HAVE_SYS_STAT_H 1
| #define HAVE_STDLIB_H 1
| #define HAVE_STRING_H 1
| #define HAVE_MEMORY_H 1
| #define HAVE_STRINGS_H 1
| #define HAVE_INTTYPES_H 1
| #define HAVE_STDINT_H 1
| #define HAVE_UNISTD_H 1
| #define HAVE_DLFCN_H 1
| #define LT_OBJDIR ".libs/"
| #define ENABLE_NLS 1
| #define HAVE_GETTEXT 1
| #define HAVE_DCGETTEXT 1
| #define GETTEXT_PACKAGE "gst-plugins-good-1.0"
| #define LOCALEDIR "/usr/local/share/locale"
| #define GST_PACKAGE_NAME "GStreamer Good Jpeg Plug-ins source release"
| #define GST_PACKAGE_ORIGIN "Unknown package origin"
| #define HAVE_EXTERNAL /**/
| #define HAVE_CPU_X86_64 1
| #define HOST_CPU "x86_64"
| #define TARGET_CPU "x86_64"
| /* end confdefs.h.  */
| 
| int
| main ()
| {
| 
|   ;
|   return 0;
| }
configure:21551: gcc -c -g  conftest.m >&5
gcc: error trying to exec 'cc1obj': execvp: No such file or directory
configure:21551: $? = 1
configure: failed program was:
| /* confdefs.h */
| #define PACKAGE_NAME "GStreamer Good Jpeg Plug-ins"
| #define PACKAGE_TARNAME "gst-jpeg-1.0"
| #define PACKAGE_VERSION "1.2.3"
| #define PACKAGE_STRING "GStreamer Good Jpeg Plug-ins 1.2.3"
| #define PACKAGE_BUGREPORT "http://bugzilla.gnome.org/enter_bug.cgi?product=GStreamer"
| #define PACKAGE_URL ""
| #define PACKAGE "gst-jpeg-1.0"
| #define VERSION "1.2.3"
| #define GST_API_VERSION "1.0"
| #define STDC_HEADERS 1
| #define HAVE_SYS_TYPES_H 1
| #define HAVE_SYS_STAT_H 1
| #define HAVE_STDLIB_H 1
| #define HAVE_STRING_H 1
| #define HAVE_MEMORY_H 1
| #define HAVE_STRINGS_H 1
| #define HAVE_INTTYPES_H 1
| #define HAVE_STDINT_H 1
| #define HAVE_UNISTD_H 1
| #define HAVE_DLFCN_H 1
| #define LT_OBJDIR ".libs/"
| #define ENABLE_NLS 1
| #define HAVE_GETTEXT 1
| #define HAVE_DCGETTEXT 1
| #define GETTEXT_PACKAGE "gst-plugins-good-1.0"
| #define LOCALEDIR "/usr/local/share/locale"
| #define GST_PACKAGE_NAME "GStreamer Good Jpeg Plug-ins source release"
| #define GST_PACKAGE_ORIGIN "Unknown package origin"
| #define HAVE_EXTERNAL /**/
| #define HAVE_CPU_X86_64 1
| #define HOST_CPU "x86_64"
| #define TARGET_CPU "x86_64"
| /* end confdefs.h.  */
| 
| int
| main ()
| {
| 
|   ;
|   return 0;
| }
configure:21561: result: no
configure:21586: checking dependency style of gcc
configure:21695: result: gcc3
configure:21712: checking whether gcc -std=gnu99 and cc understand -c and -o together
configure:21743: gcc -std=gnu99 -c conftest.c -o conftest2.o >&5
configure:21747: $? = 0
configure:21753: gcc -std=gnu99 -c conftest.c -o conftest2.o >&5
configure:21757: $? = 0
configure:21768: cc -c conftest.c >&5
configure:21772: $? = 0
configure:21780: cc -c conftest.c -o conftest2.o >&5
configure:21784: $? = 0
configure:21790: cc -c conftest.c -o conftest2.o >&5
configure:21794: $? = 0
configure:21812: result: yes
configure:21847: checking dependency style of gcc -std=gnu99
configure:21956: result: gcc3
configure:21974: checking for working do while(0) macros
configure:21995: gcc -std=gnu99 -c -g -O2  conftest.c >&5
configure:21995: $? = 0
configure:22003: result: yes
configure:22014: checking for valgrind
configure:22045: result: no
configure:22067: checking for gtkdoc-check
configure:22085: found /usr/bin/gtkdoc-check
configure:22097: result: /usr/bin/gtkdoc-check
configure:22109: checking for gtkdoc-rebase
configure:22127: found /usr/bin/gtkdoc-rebase
configure:22139: result: /usr/bin/gtkdoc-rebase
configure:22153: checking for gtkdoc-mkpdf
configure:22171: found /usr/bin/gtkdoc-mkpdf
configure:22183: result: /usr/bin/gtkdoc-mkpdf
configure:22213: $PKG_CONFIG --exists --print-errors "gtk-doc >= 1.12"
configure:22216: $? = 0
configure:22225: checking for GTKDOC_DEPS
configure:22233: $PKG_CONFIG --exists --print-errors "glib-2.0 >= 2.10.0 gobject-2.0  >= 2.10.0"
configure:22236: $? = 0
configure:22251: $PKG_CONFIG --exists --print-errors "glib-2.0 >= 2.10.0 gobject-2.0  >= 2.10.0"
configure:22254: $? = 0
configure:22309: result: yes
configure:22387: checking whether to build gtk-doc documentation
configure:22389: result: yes
configure:22457: checking for python
configure:22475: found /usr/bin/python
configure:22487: result: /usr/bin/python
configure:22508: checking for python version
configure:22515: result: 2.7
configure:22527: checking for python platform
configure:22534: result: linux2
configure:22541: checking for python script directory
configure:22569: result: ${prefix}/lib/python2.7/dist-packages
configure:22578: checking for python extension module directory
configure:22606: result: ${exec_prefix}/lib/python2.7/dist-packages
configure:22622: checking whether to build plugin documentation
configure:22627: result: yes
configure:22737: checking for cos in -lm
configure:22762: gcc -std=gnu99 -o conftest -g -O2   conftest.c -lm   >&5
conftest.c:43:6: warning: conflicting types for built-in function 'cos' [enabled by default]
configure:22762: $? = 0
configure:22771: result: yes
configure:22785: checking for clock_gettime
configure:22785: gcc -std=gnu99 -o conftest -g -O2   conftest.c  >&5
/tmp/ccApBp1E.o: In function `main':
/home/swapnil/gst-build/gst-jpeg-1.0/conftest.c:70: undefined reference to `clock_gettime'
collect2: ld returned 1 exit status
configure:22785: $? = 1
configure: failed program was:
| /* confdefs.h */
| #define PACKAGE_NAME "GStreamer Good Jpeg Plug-ins"
| #define PACKAGE_TARNAME "gst-jpeg-1.0"
| #define PACKAGE_VERSION "1.2.3"
| #define PACKAGE_STRING "GStreamer Good Jpeg Plug-ins 1.2.3"
| #define PACKAGE_BUGREPORT "http://bugzilla.gnome.org/enter_bug.cgi?product=GStreamer"
| #define PACKAGE_URL ""
| #define PACKAGE "gst-jpeg-1.0"
| #define VERSION "1.2.3"
| #define GST_API_VERSION "1.0"
| #define STDC_HEADERS 1
| #define HAVE_SYS_TYPES_H 1
| #define HAVE_SYS_STAT_H 1
| #define HAVE_STDLIB_H 1
| #define HAVE_STRING_H 1
| #define HAVE_MEMORY_H 1
| #define HAVE_STRINGS_H 1
| #define HAVE_INTTYPES_H 1
| #define HAVE_STDINT_H 1
| #define HAVE_UNISTD_H 1
| #define HAVE_DLFCN_H 1
| #define LT_OBJDIR ".libs/"
| #define ENABLE_NLS 1
| #define HAVE_GETTEXT 1
| #define HAVE_DCGETTEXT 1
| #define GETTEXT_PACKAGE "gst-plugins-good-1.0"
| #define LOCALEDIR "/usr/local/share/locale"
| #define GST_PACKAGE_NAME "GStreamer Good Jpeg Plug-ins source release"
| #define GST_PACKAGE_ORIGIN "Unknown package origin"
| #define HAVE_EXTERNAL /**/
| #define HAVE_CPU_X86_64 1
| #define HOST_CPU "x86_64"
| #define TARGET_CPU "x86_64"
| #define HAVE_DOWHILE_MACROS 1
| /* end confdefs.h.  */
| /* Define clock_gettime to an innocuous variant, in case <limits.h> declares clock_gettime.
|    For example, HP-UX 11i <limits.h> declares gettimeofday.  */
| #define clock_gettime innocuous_clock_gettime
| 
| /* System header to define __stub macros and hopefully few prototypes,
|     which can conflict with char clock_gettime (); below.
|     Prefer <limits.h> to <assert.h> if __STDC__ is defined, since
|     <limits.h> exists even on freestanding compilers.  */
| 
| #ifdef __STDC__
| # include <limits.h>
| #else
| # include <assert.h>
| #endif
| 
| #undef clock_gettime
| 
| /* Override any GCC internal prototype to avoid an error.
|    Use char because int might match the return type of a GCC
|    builtin and then its argument prototype would still apply.  */
| #ifdef __cplusplus
| extern "C"
| #endif
| char clock_gettime ();
| /* The GNU C library defines this for functions which it implements
|     to always fail with ENOSYS.  Some functions are actually named
|     something starting with __ and the normal name is an alias.  */
| #if defined __stub_clock_gettime || defined __stub___clock_gettime
| choke me
| #endif
| 
| int
| main ()
| {
| return clock_gettime ();
|   ;
|   return 0;
| }
configure:22785: result: no
configure:22793: checking for clock_gettime in -lrt
configure:22818: gcc -std=gnu99 -o conftest -g -O2   conftest.c -lrt   >&5
configure:22818: $? = 0
configure:22827: result: yes
configure:22844: checking for ANSI C header files
configure:22948: result: yes
configure:22958: checking for stdint types
configure:22981: gcc -std=gnu99 -c   conftest.c >&5
configure:22981: $? = 0
configure:23025: result: stdint.h (shortcircuit)
configure:23412: result: make use of stdint.h in _stdint.h (assuming C99 compatible system)
configure:23422: checking sys/time.h usability
configure:23422: gcc -std=gnu99 -c -g -O2  conftest.c >&5
configure:23422: $? = 0
configure:23422: result: yes
configure:23422: checking sys/time.h presence
configure:23422: gcc -E  conftest.c
configure:23422: $? = 0
configure:23422: result: yes
configure:23422: checking for sys/time.h
configure:23422: result: yes
configure:23435: checking sys/socket.h usability
configure:23435: gcc -std=gnu99 -c -g -O2  conftest.c >&5
configure:23435: $? = 0
configure:23435: result: yes
configure:23435: checking sys/socket.h presence
configure:23435: gcc -E  conftest.c
configure:23435: $? = 0
configure:23435: result: yes
configure:23435: checking for sys/socket.h
configure:23435: result: yes
configure:23449: checking for FIONREAD in sys/ioctl.h
configure:23473: gcc -std=gnu99 -c -g -O2  conftest.c >&5
configure:23473: $? = 0
configure:23483: result: yes
configure:23543: checking if compiler supports gcc-style inline assembly
configure:23563: gcc -std=gnu99 -c -g -O2  conftest.c >&5
configure:23563: $? = 0
configure:23577: result: yes
configure:23600: checking for rint
configure:23600: gcc -std=gnu99 -o conftest -g -O2   conftest.c  -lm >&5
conftest.c:65:6: warning: conflicting types for built-in function 'rint' [enabled by default]
configure:23600: $? = 0
configure:23600: result: yes
configure:23600: checking for sinh
configure:23600: gcc -std=gnu99 -o conftest -g -O2   conftest.c  -lm >&5
conftest.c:66:6: warning: conflicting types for built-in function 'sinh' [enabled by default]
configure:23600: $? = 0
configure:23600: result: yes
configure:23600: checking for cosh
configure:23600: gcc -std=gnu99 -o conftest -g -O2   conftest.c  -lm >&5
conftest.c:67:6: warning: conflicting types for built-in function 'cosh' [enabled by default]
configure:23600: $? = 0
configure:23600: result: yes
configure:23600: checking for asinh
configure:23600: gcc -std=gnu99 -o conftest -g -O2   conftest.c  -lm >&5
conftest.c:68:6: warning: conflicting types for built-in function 'asinh' [enabled by default]
configure:23600: $? = 0
configure:23600: result: yes
configure:23600: checking for fpclass
configure:23600: gcc -std=gnu99 -o conftest -g -O2   conftest.c  -lm >&5
/tmp/ccOgBMRp.o: In function `main':
/home/swapnil/gst-build/gst-jpeg-1.0/conftest.c:80: undefined reference to `fpclass'
collect2: ld returned 1 exit status
configure:23600: $? = 1
configure: failed program was:
| /* confdefs.h */
| #define PACKAGE_NAME "GStreamer Good Jpeg Plug-ins"
| #define PACKAGE_TARNAME "gst-jpeg-1.0"
| #define PACKAGE_VERSION "1.2.3"
| #define PACKAGE_STRING "GStreamer Good Jpeg Plug-ins 1.2.3"
| #define PACKAGE_BUGREPORT "http://bugzilla.gnome.org/enter_bug.cgi?product=GStreamer"
| #define PACKAGE_URL ""
| #define PACKAGE "gst-jpeg-1.0"
| #define VERSION "1.2.3"
| #define GST_API_VERSION "1.0"
| #define STDC_HEADERS 1
| #define HAVE_SYS_TYPES_H 1
| #define HAVE_SYS_STAT_H 1
| #define HAVE_STDLIB_H 1
| #define HAVE_STRING_H 1
| #define HAVE_MEMORY_H 1
| #define HAVE_STRINGS_H 1
| #define HAVE_INTTYPES_H 1
| #define HAVE_STDINT_H 1
| #define HAVE_UNISTD_H 1
| #define HAVE_DLFCN_H 1
| #define LT_OBJDIR ".libs/"
| #define ENABLE_NLS 1
| #define HAVE_GETTEXT 1
| #define HAVE_DCGETTEXT 1
| #define GETTEXT_PACKAGE "gst-plugins-good-1.0"
| #define LOCALEDIR "/usr/local/share/locale"
| #define GST_PACKAGE_NAME "GStreamer Good Jpeg Plug-ins source release"
| #define GST_PACKAGE_ORIGIN "Unknown package origin"
| #define HAVE_EXTERNAL /**/
| #define HAVE_CPU_X86_64 1
| #define HOST_CPU "x86_64"
| #define TARGET_CPU "x86_64"
| #define HAVE_DOWHILE_MACROS 1
| #define HAVE_CLOCK_GETTIME 1
| #define STDC_HEADERS 1
| #define HAVE_SYS_TIME_H 1
| #define HAVE_SYS_SOCKET_H 1
| #define HAVE_FIONREAD_IN_SYS_IOCTL 1
| #define HAVE_GCC_ASM 1
| #define HAVE_RINT 1
| #define HAVE_SINH 1
| #define HAVE_COSH 1
| #define HAVE_ASINH 1
| /* end confdefs.h.  */
| /* Define fpclass to an innocuous variant, in case <limits.h> declares fpclass.
|    For example, HP-UX 11i <limits.h> declares gettimeofday.  */
| #define fpclass innocuous_fpclass
| 
| /* System header to define __stub macros and hopefully few prototypes,
|     which can conflict with char fpclass (); below.
|     Prefer <limits.h> to <assert.h> if __STDC__ is defined, since
|     <limits.h> exists even on freestanding compilers.  */
| 
| #ifdef __STDC__
| # include <limits.h>
| #else
| # include <assert.h>
| #endif
| 
| #undef fpclass
| 
| /* Override any GCC internal prototype to avoid an error.
|    Use char because int might match the return type of a GCC
|    builtin and then its argument prototype would still apply.  */
| #ifdef __cplusplus
| extern "C"
| #endif
| char fpclass ();
| /* The GNU C library defines this for functions which it implements
|     to always fail with ENOSYS.  Some functions are actually named
|     something starting with __ and the normal name is an alias.  */
| #if defined __stub_fpclass || defined __stub___fpclass
| choke me
| #endif
| 
| int
| main ()
| {
| return fpclass ();
|   ;
|   return 0;
| }
configure:23600: result: no
configure:23611: checking for isinf
configure:23627: gcc -std=gnu99 -o conftest -g -O2   conftest.c  >&5
configure:23627: $? = 0
configure:23635: result: yes
configure:23650: checking for stdlib.h
configure:23650: result: yes
configure:23650: checking for unistd.h
configure:23650: result: yes
configure:23650: checking for sys/param.h
configure:23650: gcc -std=gnu99 -c -g -O2  conftest.c >&5
configure:23650: $? = 0
configure:23650: result: yes
configure:23670: checking for getpagesize
configure:23670: gcc -std=gnu99 -o conftest -g -O2   conftest.c  >&5
configure:23670: $? = 0
configure:23670: result: yes
configure:23679: checking for working mmap
configure:23826: gcc -std=gnu99 -o conftest -g -O2   conftest.c  >&5
configure:23826: $? = 0
configure:23826: ./conftest
configure:23826: $? = 0
configure:23836: result: yes
configure:23855: checking for struct ip_mreqn
configure:23855: gcc -std=gnu99 -c -g -O2  conftest.c >&5
configure:23855: $? = 0
configure:23855: gcc -std=gnu99 -c -g -O2  conftest.c >&5
conftest.c: In function 'main':
conftest.c:57:30: error: expected expression before ')' token
configure:23855: $? = 1
configure: failed program was:
| /* confdefs.h */
| #define PACKAGE_NAME "GStreamer Good Jpeg Plug-ins"
| #define PACKAGE_TARNAME "gst-jpeg-1.0"
| #define PACKAGE_VERSION "1.2.3"
| #define PACKAGE_STRING "GStreamer Good Jpeg Plug-ins 1.2.3"
| #define PACKAGE_BUGREPORT "http://bugzilla.gnome.org/enter_bug.cgi?product=GStreamer"
| #define PACKAGE_URL ""
| #define PACKAGE "gst-jpeg-1.0"
| #define VERSION "1.2.3"
| #define GST_API_VERSION "1.0"
| #define STDC_HEADERS 1
| #define HAVE_SYS_TYPES_H 1
| #define HAVE_SYS_STAT_H 1
| #define HAVE_STDLIB_H 1
| #define HAVE_STRING_H 1
| #define HAVE_MEMORY_H 1
| #define HAVE_STRINGS_H 1
| #define HAVE_INTTYPES_H 1
| #define HAVE_STDINT_H 1
| #define HAVE_UNISTD_H 1
| #define HAVE_DLFCN_H 1
| #define LT_OBJDIR ".libs/"
| #define ENABLE_NLS 1
| #define HAVE_GETTEXT 1
| #define HAVE_DCGETTEXT 1
| #define GETTEXT_PACKAGE "gst-plugins-good-1.0"
| #define LOCALEDIR "/usr/local/share/locale"
| #define GST_PACKAGE_NAME "GStreamer Good Jpeg Plug-ins source release"
| #define GST_PACKAGE_ORIGIN "Unknown package origin"
| #define HAVE_EXTERNAL /**/
| #define HAVE_CPU_X86_64 1
| #define HOST_CPU "x86_64"
| #define TARGET_CPU "x86_64"
| #define HAVE_DOWHILE_MACROS 1
| #define HAVE_CLOCK_GETTIME 1
| #define STDC_HEADERS 1
| #define HAVE_SYS_TIME_H 1
| #define HAVE_SYS_SOCKET_H 1
| #define HAVE_FIONREAD_IN_SYS_IOCTL 1
| #define HAVE_GCC_ASM 1
| #define HAVE_RINT 1
| #define HAVE_SINH 1
| #define HAVE_COSH 1
| #define HAVE_ASINH 1
| #define HAVE_ISINF 1
| #define HAVE_STDLIB_H 1
| #define HAVE_UNISTD_H 1
| #define HAVE_SYS_PARAM_H 1
| #define HAVE_GETPAGESIZE 1
| #define HAVE_MMAP 1
| /* end confdefs.h.  */
| #include <netinet/in.h>
| 
| int
| main ()
| {
| if (sizeof ((struct ip_mreqn)))
| 	    return 0;
|   ;
|   return 0;
| }
configure:23855: result: yes
configure:23884: checking for GLIB
configure:23892: $PKG_CONFIG --exists --print-errors "$which"
configure:23895: $? = 0
configure:23910: $PKG_CONFIG --exists --print-errors "$which"
configure:23913: $? = 0
configure:23965: result: yes
configure:24024: checking for glib-genmarshal
configure:24032: result: glib-genmarshal (from pkg-config path)
configure:24086: checking for glib-mkenums
configure:24093: result: glib-mkenums
configure:24117: checking for GIO
configure:24125: $PKG_CONFIG --exists --print-errors "gio-2.0 >= $GLIB_REQ"
configure:24128: $? = 0
configure:24143: $PKG_CONFIG --exists --print-errors "gio-2.0 >= $GLIB_REQ"
configure:24146: $? = 0
configure:24201: result: yes
configure:24245: checking for ORC
configure:24253: $PKG_CONFIG --exists --print-errors "orc-0.4 >= $ORC_REQ"
Package orc-0.4 was not found in the pkg-config search path.
Perhaps you should add the directory containing `orc-0.4.pc'
to the PKG_CONFIG_PATH environment variable
No package 'orc-0.4' found
configure:24256: $? = 1
configure:24271: $PKG_CONFIG --exists --print-errors "orc-0.4 >= $ORC_REQ"
Package orc-0.4 was not found in the pkg-config search path.
Perhaps you should add the directory containing `orc-0.4.pc'
to the PKG_CONFIG_PATH environment variable
No package 'orc-0.4' found
configure:24274: $? = 1
No package 'orc-0.4' found
configure:24302: result: no
configure:24391: checking for GST
configure:24399: $PKG_CONFIG --exists --print-errors "$module >= $minver"
Package gstreamer-1.0 was not found in the pkg-config search path.
Perhaps you should add the directory containing `gstreamer-1.0.pc'
to the PKG_CONFIG_PATH environment variable
No package 'gstreamer-1.0' found
configure:24402: $? = 1
configure:24417: $PKG_CONFIG --exists --print-errors "$module >= $minver"
Package gstreamer-1.0 was not found in the pkg-config search path.
Perhaps you should add the directory containing `gstreamer-1.0.pc'
to the PKG_CONFIG_PATH environment variable
No package 'gstreamer-1.0' found
configure:24420: $? = 1
No package 'gstreamer-1.0' found
configure:24448: result: no
configure:24452: No package 'gstreamer-1.0' found
configure:24455: error: no gstreamer-1.0 >= 1.2.0 (GStreamer) found

## ---------------- ##
## Cache variables. ##
## ---------------- ##

_cv_g_support_dowhile_macros=yes
_cv_gst_fionread_in_sys_ioctl=yes
ac_cv_build=x86_64-unknown-linux-gnu
ac_cv_c_bigendian=no
ac_cv_c_compiler_gnu=yes
ac_cv_cxx_compiler_gnu=yes
ac_cv_env_CAIRO_CFLAGS_set=
ac_cv_env_CAIRO_CFLAGS_value=
ac_cv_env_CAIRO_LIBS_set=
ac_cv_env_CAIRO_LIBS_value=
ac_cv_env_CCASFLAGS_set=
ac_cv_env_CCASFLAGS_value=
ac_cv_env_CCAS_set=
ac_cv_env_CCAS_value=
ac_cv_env_CCC_set=
ac_cv_env_CCC_value=
ac_cv_env_CC_set=
ac_cv_env_CC_value=
ac_cv_env_CFLAGS_set=
ac_cv_env_CFLAGS_value=
ac_cv_env_CPPFLAGS_set=
ac_cv_env_CPPFLAGS_value=
ac_cv_env_CPP_set=
ac_cv_env_CPP_value=
ac_cv_env_CXXCPP_set=
ac_cv_env_CXXCPP_value=
ac_cv_env_CXXFLAGS_set=
ac_cv_env_CXXFLAGS_value=
ac_cv_env_CXX_set=
ac_cv_env_CXX_value=
ac_cv_env_FLAC_CFLAGS_set=
ac_cv_env_FLAC_CFLAGS_value=
ac_cv_env_FLAC_LIBS_set=
ac_cv_env_FLAC_LIBS_value=
ac_cv_env_GDK_PIXBUF_CFLAGS_set=
ac_cv_env_GDK_PIXBUF_CFLAGS_value=
ac_cv_env_GDK_PIXBUF_LIBS_set=
ac_cv_env_GDK_PIXBUF_LIBS_value=
ac_cv_env_GIO_CFLAGS_set=
ac_cv_env_GIO_CFLAGS_value=
ac_cv_env_GIO_LIBS_set=
ac_cv_env_GIO_LIBS_value=
ac_cv_env_GLIB_CFLAGS_set=
ac_cv_env_GLIB_CFLAGS_value=
ac_cv_env_GLIB_LIBS_set=
ac_cv_env_GLIB_LIBS_value=
ac_cv_env_GST_BASE_CFLAGS_set=
ac_cv_env_GST_BASE_CFLAGS_value=
ac_cv_env_GST_BASE_LIBS_set=
ac_cv_env_GST_BASE_LIBS_value=
ac_cv_env_GST_CFLAGS_set=
ac_cv_env_GST_CFLAGS_value=
ac_cv_env_GST_CHECK_CFLAGS_set=
ac_cv_env_GST_CHECK_CFLAGS_value=
ac_cv_env_GST_CHECK_LIBS_set=
ac_cv_env_GST_CHECK_LIBS_value=
ac_cv_env_GST_CONTROLLER_CFLAGS_set=
ac_cv_env_GST_CONTROLLER_CFLAGS_value=
ac_cv_env_GST_CONTROLLER_LIBS_set=
ac_cv_env_GST_CONTROLLER_LIBS_value=
ac_cv_env_GST_LIBS_set=
ac_cv_env_GST_LIBS_value=
ac_cv_env_GST_NET_CFLAGS_set=
ac_cv_env_GST_NET_CFLAGS_value=
ac_cv_env_GST_NET_LIBS_set=
ac_cv_env_GST_NET_LIBS_value=
ac_cv_env_GST_PLUGINS_BASE_CFLAGS_set=
ac_cv_env_GST_PLUGINS_BASE_CFLAGS_value=
ac_cv_env_GST_PLUGINS_BASE_LIBS_set=
ac_cv_env_GST_PLUGINS_BASE_LIBS_value=
ac_cv_env_GTKDOC_DEPS_CFLAGS_set=
ac_cv_env_GTKDOC_DEPS_CFLAGS_value=
ac_cv_env_GTKDOC_DEPS_LIBS_set=
ac_cv_env_GTKDOC_DEPS_LIBS_value=
ac_cv_env_GTK_CFLAGS_set=
ac_cv_env_GTK_CFLAGS_value=
ac_cv_env_GTK_LIBS_set=
ac_cv_env_GTK_LIBS_value=
ac_cv_env_GTK_X11_CFLAGS_set=
ac_cv_env_GTK_X11_CFLAGS_value=
ac_cv_env_GTK_X11_LIBS_set=
ac_cv_env_GTK_X11_LIBS_value=
ac_cv_env_GUDEV_CFLAGS_set=
ac_cv_env_GUDEV_CFLAGS_value=
ac_cv_env_GUDEV_LIBS_set=
ac_cv_env_GUDEV_LIBS_value=
ac_cv_env_JACK_0_120_1_CFLAGS_set=
ac_cv_env_JACK_0_120_1_CFLAGS_value=
ac_cv_env_JACK_0_120_1_LIBS_set=
ac_cv_env_JACK_0_120_1_LIBS_value=
ac_cv_env_JACK_1_9_7_CFLAGS_set=
ac_cv_env_JACK_1_9_7_CFLAGS_value=
ac_cv_env_JACK_1_9_7_LIBS_set=
ac_cv_env_JACK_1_9_7_LIBS_value=
ac_cv_env_JACK_CFLAGS_set=
ac_cv_env_JACK_CFLAGS_value=
ac_cv_env_JACK_LIBS_set=
ac_cv_env_JACK_LIBS_value=
ac_cv_env_LDFLAGS_set=
ac_cv_env_LDFLAGS_value=
ac_cv_env_LIBCACA_CFLAGS_set=
ac_cv_env_LIBCACA_CFLAGS_value=
ac_cv_env_LIBCACA_LIBS_set=
ac_cv_env_LIBCACA_LIBS_value=
ac_cv_env_LIBDV_CFLAGS_set=
ac_cv_env_LIBDV_CFLAGS_value=
ac_cv_env_LIBDV_LIBS_set=
ac_cv_env_LIBDV_LIBS_value=
ac_cv_env_LIBIEC61883_CFLAGS_set=
ac_cv_env_LIBIEC61883_CFLAGS_value=
ac_cv_env_LIBIEC61883_LIBS_set=
ac_cv_env_LIBIEC61883_LIBS_value=
ac_cv_env_LIBPNG_CFLAGS_set=
ac_cv_env_LIBPNG_CFLAGS_value=
ac_cv_env_LIBPNG_LIBS_set=
ac_cv_env_LIBPNG_LIBS_value=
ac_cv_env_LIBS_set=
ac_cv_env_LIBS_value=
ac_cv_env_LIBV4L2_CFLAGS_set=
ac_cv_env_LIBV4L2_CFLAGS_value=
ac_cv_env_LIBV4L2_LIBS_set=
ac_cv_env_LIBV4L2_LIBS_value=
ac_cv_env_OBJCFLAGS_set=
ac_cv_env_OBJCFLAGS_value=
ac_cv_env_OBJC_set=
ac_cv_env_OBJC_value=
ac_cv_env_ORC_CFLAGS_set=
ac_cv_env_ORC_CFLAGS_value=
ac_cv_env_ORC_LIBS_set=
ac_cv_env_ORC_LIBS_value=
ac_cv_env_PKG_CONFIG_set=
ac_cv_env_PKG_CONFIG_value=
ac_cv_env_PULSE_CFLAGS_set=
ac_cv_env_PULSE_CFLAGS_value=
ac_cv_env_PULSE_LIBS_set=
ac_cv_env_PULSE_LIBS_value=
ac_cv_env_PYTHON_set=
ac_cv_env_PYTHON_value=
ac_cv_env_RAW1394_CFLAGS_set=
ac_cv_env_RAW1394_CFLAGS_value=
ac_cv_env_RAW1394_LIBS_set=
ac_cv_env_RAW1394_LIBS_value=
ac_cv_env_SHOUT2_CFLAGS_set=
ac_cv_env_SHOUT2_CFLAGS_value=
ac_cv_env_SHOUT2_LIBS_set=
ac_cv_env_SHOUT2_LIBS_value=
ac_cv_env_SOUP_CFLAGS_set=
ac_cv_env_SOUP_CFLAGS_value=
ac_cv_env_SOUP_LIBS_set=
ac_cv_env_SOUP_LIBS_value=
ac_cv_env_SPEEX_CFLAGS_set=
ac_cv_env_SPEEX_CFLAGS_value=
ac_cv_env_SPEEX_LIBS_set=
ac_cv_env_SPEEX_LIBS_value=
ac_cv_env_TAGLIB_CFLAGS_set=
ac_cv_env_TAGLIB_CFLAGS_value=
ac_cv_env_TAGLIB_LIBS_set=
ac_cv_env_TAGLIB_LIBS_value=
ac_cv_env_VALGRIND_CFLAGS_set=
ac_cv_env_VALGRIND_CFLAGS_value=
ac_cv_env_VALGRIND_LIBS_set=
ac_cv_env_VALGRIND_LIBS_value=
ac_cv_env_VPX_130_CFLAGS_set=
ac_cv_env_VPX_130_CFLAGS_value=
ac_cv_env_VPX_130_LIBS_set=
ac_cv_env_VPX_130_LIBS_value=
ac_cv_env_VPX_CFLAGS_set=
ac_cv_env_VPX_CFLAGS_value=
ac_cv_env_VPX_LIBS_set=
ac_cv_env_VPX_LIBS_value=
ac_cv_env_WAVPACK_CFLAGS_set=
ac_cv_env_WAVPACK_CFLAGS_value=
ac_cv_env_WAVPACK_LIBS_set=
ac_cv_env_WAVPACK_LIBS_value=
ac_cv_env_XDAMAGE_CFLAGS_set=
ac_cv_env_XDAMAGE_CFLAGS_value=
ac_cv_env_XDAMAGE_LIBS_set=
ac_cv_env_XDAMAGE_LIBS_value=
ac_cv_env_XFIXES_CFLAGS_set=
ac_cv_env_XFIXES_CFLAGS_value=
ac_cv_env_XFIXES_LIBS_set=
ac_cv_env_XFIXES_LIBS_value=
ac_cv_env_XMKMF_set=
ac_cv_env_XMKMF_value=
ac_cv_env_build_alias_set=
ac_cv_env_build_alias_value=
ac_cv_env_host_alias_set=
ac_cv_env_host_alias_value=
ac_cv_env_target_alias_set=
ac_cv_env_target_alias_value=
ac_cv_func_asinh=yes
ac_cv_func_clock_gettime=no
ac_cv_func_cosh=yes
ac_cv_func_dlopen=no
ac_cv_func_fpclass=no
ac_cv_func_getpagesize=yes
ac_cv_func_mmap_fixed_mapped=yes
ac_cv_func_rint=yes
ac_cv_func_shl_load=no
ac_cv_func_sinh=yes
ac_cv_have_isinf=yes
ac_cv_header_dlfcn_h=yes
ac_cv_header_inttypes_h=yes
ac_cv_header_memory_h=yes
ac_cv_header_stdc=yes
ac_cv_header_stdint=stdint.h
ac_cv_header_stdint_h=yes
ac_cv_header_stdint_t=stdint.h
ac_cv_header_stdlib_h=yes
ac_cv_header_string_h=yes
ac_cv_header_strings_h=yes
ac_cv_header_sys_param_h=yes
ac_cv_header_sys_socket_h=yes
ac_cv_header_sys_stat_h=yes
ac_cv_header_sys_time_h=yes
ac_cv_header_sys_types_h=yes
ac_cv_header_unistd_h=yes
ac_cv_host=x86_64-unknown-linux-gnu
ac_cv_lib_dl_dlopen=yes
ac_cv_lib_dld_shl_load=no
ac_cv_lib_m_cos=yes
ac_cv_lib_rt_clock_gettime=yes
ac_cv_objc_compiler_gnu=no
ac_cv_objext=o
ac_cv_path_EGREP='/bin/grep -E'
ac_cv_path_FGREP='/bin/grep -F'
ac_cv_path_GMSGFMT=/usr/bin/msgfmt
ac_cv_path_GREP=/bin/grep
ac_cv_path_GTKDOC_CHECK=/usr/bin/gtkdoc-check
ac_cv_path_GTKDOC_MKPDF=/usr/bin/gtkdoc-mkpdf
ac_cv_path_GTKDOC_REBASE=/usr/bin/gtkdoc-rebase
ac_cv_path_MSGFMT=/usr/bin/msgfmt
ac_cv_path_MSGMERGE=/usr/bin/msgmerge
ac_cv_path_PYTHON=/usr/bin/python
ac_cv_path_SED=/bin/sed
ac_cv_path_VALGRIND_PATH=no
ac_cv_path_XGETTEXT=/usr/bin/xgettext
ac_cv_path_ac_pt_PKG_CONFIG=/usr/bin/pkg-config
ac_cv_path_install='/usr/bin/install -c'
ac_cv_path_mkdir=/bin/mkdir
ac_cv_prog_AWK=mawk
ac_cv_prog_CPP='gcc -E'
ac_cv_prog_CXXCPP='g++ -E'
ac_cv_prog_HAVE_CXX=yes
ac_cv_prog_ac_ct_AR=ar
ac_cv_prog_ac_ct_CC=gcc
ac_cv_prog_ac_ct_CXX=g++
ac_cv_prog_ac_ct_MANIFEST_TOOL=mt
ac_cv_prog_ac_ct_OBJC=gcc
ac_cv_prog_ac_ct_OBJDUMP=objdump
ac_cv_prog_ac_ct_RANLIB=ranlib
ac_cv_prog_ac_ct_STRIP=strip
ac_cv_prog_cc_c89=
ac_cv_prog_cc_c99=-std=gnu99
ac_cv_prog_cc_g=yes
ac_cv_prog_cc_gcc_c_o=yes
ac_cv_prog_cc_stdc=-std=gnu99
ac_cv_prog_cxx_g=yes
ac_cv_prog_make_make_set=yes
ac_cv_prog_objc_g=no
ac_cv_stdint_message='using gnu compiler gcc (Ubuntu/Linaro 4.6.3-1ubuntu5) 4.6.3'
ac_cv_stdint_result='(assuming C99 compatible system)'
ac_cv_target=x86_64-unknown-linux-gnu
ac_cv_type_struct_ip_mreqn=yes
acl_cv_hardcode_direct=no
acl_cv_hardcode_libdir_flag_spec='${wl}-rpath ${wl}$libdir'
acl_cv_hardcode_libdir_separator=
acl_cv_hardcode_minus_L=no
acl_cv_libext=a
acl_cv_libname_spec='lib$name'
acl_cv_library_names_spec='$libname$shrext'
acl_cv_path_LD='/usr/bin/ld -m elf_x86_64'
acl_cv_prog_gnu_ld=yes
acl_cv_rpath=done
acl_cv_shlibext=so
acl_cv_wl=-Wl,
am_cv_CCAS_dependencies_compiler_type=gcc3
am_cv_CC_dependencies_compiler_type=gcc3
am_cv_CXX_dependencies_compiler_type=gcc3
am_cv_OBJC_dependencies_compiler_type=gcc3
am_cv_make_support_nested_variables=yes
am_cv_prog_tar_ustar=gnutar
am_cv_python_platform=linux2
am_cv_python_pyexecdir='${exec_prefix}/lib/python2.7/dist-packages'
am_cv_python_pythondir='${prefix}/lib/python2.7/dist-packages'
am_cv_python_version=2.7
gt_cv_func_CFLocaleCopyCurrent=no
gt_cv_func_CFPreferencesCopyAppValue=no
gt_cv_func_gnugettext1_libc=yes
lt_cv_ar_at_file=@
lt_cv_archive_cmds_need_lc=no
lt_cv_deplibs_check_method=pass_all
lt_cv_dlopen=dlopen
lt_cv_dlopen_libs=-ldl
lt_cv_dlopen_self=yes
lt_cv_dlopen_self_static=no
lt_cv_file_magic_cmd='$MAGIC_CMD'
lt_cv_file_magic_test_file=
lt_cv_ld_reload_flag=-r
lt_cv_nm_interface='BSD nm'
lt_cv_objdir=.libs
lt_cv_path_LD=/usr/bin/ld
lt_cv_path_LDCXX='/usr/bin/ld -m elf_x86_64'
lt_cv_path_NM='/usr/bin/nm -B'
lt_cv_path_mainfest_tool=no
lt_cv_prog_compiler_c_o=yes
lt_cv_prog_compiler_c_o_CXX=yes
lt_cv_prog_compiler_pic='-fPIC -DPIC'
lt_cv_prog_compiler_pic_CXX='-fPIC -DPIC'
lt_cv_prog_compiler_pic_works=yes
lt_cv_prog_compiler_pic_works_CXX=yes
lt_cv_prog_compiler_rtti_exceptions=no
lt_cv_prog_compiler_static_works=yes
lt_cv_prog_compiler_static_works_CXX=yes
lt_cv_prog_gnu_ld=yes
lt_cv_prog_gnu_ldcxx=yes
lt_cv_sharedlib_from_linklib_cmd='printf %s\n'
lt_cv_shlibpath_overrides_runpath=no
lt_cv_sys_global_symbol_pipe='sed -n -e '\''s/^.*[	 ]\([ABCDGIRSTW][ABCDGIRSTW]*\)[	 ][	 ]*\([_A-Za-z][_A-Za-z0-9]*\)$/\1 \2 \2/p'\'' | sed '\''/ __gnu_lto/d'\'''
lt_cv_sys_global_symbol_to_c_name_address='sed -n -e '\''s/^: \([^ ]*\)[ ]*$/  {\"\1\", (void *) 0},/p'\'' -e '\''s/^[ABCDGIRSTW]* \([^ ]*\) \([^ ]*\)$/  {"\2", (void *) \&\2},/p'\'''
lt_cv_sys_global_symbol_to_c_name_address_lib_prefix='sed -n -e '\''s/^: \([^ ]*\)[ ]*$/  {\"\1\", (void *) 0},/p'\'' -e '\''s/^[ABCDGIRSTW]* \([^ ]*\) \(lib[^ ]*\)$/  {"\2", (void *) \&\2},/p'\'' -e '\''s/^[ABCDGIRSTW]* \([^ ]*\) \([^ ]*\)$/  {"lib\2", (void *) \&\2},/p'\'''
lt_cv_sys_global_symbol_to_cdecl='sed -n -e '\''s/^T .* \(.*\)$/extern int \1();/p'\'' -e '\''s/^[ABCDGIRSTW]* .* \(.*\)$/extern char \1;/p'\'''
lt_cv_sys_max_cmd_len=1572864
lt_cv_to_host_file_cmd=func_convert_file_noop
lt_cv_to_tool_file_cmd=func_convert_file_noop
pkg_cv_GIO_CFLAGS='-pthread -I/usr/include/glib-2.0 -I/usr/lib/x86_64-linux-gnu/glib-2.0/include  '
pkg_cv_GIO_LIBS='-lgio-2.0 -lgobject-2.0 -lglib-2.0  '
pkg_cv_GLIB_CFLAGS='-pthread -I/usr/include/glib-2.0 -I/usr/lib/x86_64-linux-gnu/glib-2.0/include  '
pkg_cv_GLIB_LIBS='-pthread -lgobject-2.0 -lgmodule-2.0 -lrt -lglib-2.0  '
pkg_cv_GTKDOC_DEPS_CFLAGS='-I/usr/include/glib-2.0 -I/usr/lib/x86_64-linux-gnu/glib-2.0/include  '
pkg_cv_GTKDOC_DEPS_LIBS='-lgobject-2.0 -lglib-2.0  '

## ----------------- ##
## Output variables. ##
## ----------------- ##

AALIB_CFLAGS=''
AALIB_CONFIG=''
AALIB_LIBS=''
ACLOCAL='${SHELL} /home/swapnil/gst-build/gst-jpeg-1.0/missing --run aclocal-1.11'
ACLOCAL_AMFLAGS='-I m4 -I common/m4'
AMDEPBACKSLASH='\'
AMDEP_FALSE='#'
AMDEP_TRUE=''
AMTAR='$${TAR-tar}'
AM_BACKSLASH='\'
AM_DEFAULT_V='$(AM_DEFAULT_VERBOSITY)'
AM_DEFAULT_VERBOSITY='0'
AM_V='$(V)'
AR='ar'
AS='as'
AUTOCONF='${SHELL} /home/swapnil/gst-build/gst-jpeg-1.0/missing --run autoconf'
AUTOHEADER='${SHELL} /home/swapnil/gst-build/gst-jpeg-1.0/missing --run autoheader'
AUTOMAKE='${SHELL} /home/swapnil/gst-build/gst-jpeg-1.0/missing --run automake-1.11'
AWK='mawk'
BUILD_EXAMPLES_FALSE='#'
BUILD_EXAMPLES_TRUE=''
BUILD_EXPERIMENTAL_FALSE=''
BUILD_EXPERIMENTAL_TRUE='#'
BUILD_EXTERNAL_FALSE='#'
BUILD_EXTERNAL_TRUE=''
BZ2_LIBS=''
CAIRO_CFLAGS=''
CAIRO_LIBS=''
CC='gcc -std=gnu99'
CCAS='gcc -std=gnu99'
CCASDEPMODE='depmode=gcc3'
CCASFLAGS='-g -O2'
CCDEPMODE='depmode=gcc3'
CFLAGS='-g -O2'
CPP='gcc -E'
CPPFLAGS=''
CXX='g++'
CXXCPP='g++ -E'
CXXDEPMODE='depmode=gcc3'
CXXFLAGS=''
CYGPATH_W='echo'
DEFAULT_AUDIOSINK=''
DEFAULT_AUDIOSRC=''
DEFAULT_VIDEOSINK=''
DEFAULT_VIDEOSRC=''
DEFAULT_VISUALIZER=''
DEFS=''
DEPDIR='.deps'
DEPRECATED_CFLAGS=''
DIRECTSOUND_CFLAGS=''
DIRECTSOUND_LDFLAGS=''
DIRECTSOUND_LIBS=''
DLLTOOL='false'
DSYMUTIL=''
DUMPBIN=''
DV1394_CFLAGS=''
DV1394_LIBS=''
ECHO_C=''
ECHO_N='-n'
ECHO_T=''
EGREP='/bin/grep -E'
ENABLE_GTK_DOC_FALSE='#'
ENABLE_GTK_DOC_TRUE=''
ENABLE_PLUGIN_DOCS_FALSE='#'
ENABLE_PLUGIN_DOCS_TRUE=''
ERROR_CFLAGS=''
ERROR_CXXFLAGS=''
ERROR_OBJCFLAGS=''
EXEEXT=''
FFLAGS=''
FGREP='/bin/grep -F'
FLAC_CFLAGS=''
FLAC_LIBS=''
GCOV=''
GCOV_CFLAGS=''
GCOV_LIBS=''
GDK_PIXBUF_CFLAGS=''
GDK_PIXBUF_LIBS=''
GETTEXT_MACRO_VERSION='0.17'
GETTEXT_PACKAGE='gst-plugins-good-1.0'
GIO_CFLAGS='-pthread -I/usr/include/glib-2.0 -I/usr/lib/x86_64-linux-gnu/glib-2.0/include  '
GIO_LDFLAGS=''
GIO_LIBS='-lgio-2.0 -lgobject-2.0 -lglib-2.0  '
GLIB_CFLAGS='-pthread -I/usr/include/glib-2.0 -I/usr/lib/x86_64-linux-gnu/glib-2.0/include'
GLIB_EXTRA_CFLAGS=' -DG_THREADS_MANDATORY -DG_DISABLE_CAST_CHECKS -DG_DISABLE_ASSERT'
GLIB_GENMARSHAL='glib-genmarshal'
GLIB_LIBS='-pthread -lgobject-2.0 -lgmodule-2.0 -lrt -lglib-2.0  '
GLIB_MKENUMS='glib-mkenums'
GLIB_PREFIX=''
GLIB_REQ='2.32.0'
GMSGFMT='/usr/bin/msgfmt'
GMSGFMT_015='/usr/bin/msgfmt'
GREP='/bin/grep'
GSTPB_PLUGINS_DIR=''
GSTPB_PREFIX=''
GST_AGE='203'
GST_ALL_LDFLAGS=''
GST_API_VERSION='1.0'
GST_BASE_CFLAGS=''
GST_BASE_LIBS=''
GST_CFLAGS=''
GST_CHECK_CFLAGS=''
GST_CHECK_LIBS=''
GST_CONTROLLER_CFLAGS=''
GST_CONTROLLER_LIBS=''
GST_CURRENT='203'
GST_CXXFLAGS=''
GST_GCOV_ENABLED_FALSE=''
GST_GCOV_ENABLED_TRUE='#'
GST_HAVE_MMAP_FALSE='#'
GST_HAVE_MMAP_TRUE=''
GST_LEVEL_DEFAULT=''
GST_LIBS=''
GST_LIBVERSION='203:0:203'
GST_LICENSE=''
GST_LT_LDFLAGS=' -version-info 203:0:203'
GST_NET_CFLAGS=''
GST_NET_LIBS=''
GST_OBJCFLAGS=''
GST_OPTION_CFLAGS=''
GST_OPTION_CXXFLAGS=''
GST_OPTION_OBJCFLAGS=''
GST_PACKAGE_NAME='GStreamer Good Jpeg Plug-ins source release'
GST_PACKAGE_ORIGIN='Unknown package origin'
GST_PLUGINS_ALL=''
GST_PLUGINS_BASE_CFLAGS=''
GST_PLUGINS_BASE_DIR=''
GST_PLUGINS_BASE_LIBS=''
GST_PLUGINS_DIR=''
GST_PLUGINS_NONPORTED=''
GST_PLUGINS_SELECTED=''
GST_PLUGIN_BUILD_STATIC_FALSE=''
GST_PLUGIN_BUILD_STATIC_TRUE=''
GST_PLUGIN_LDFLAGS=''
GST_PLUGIN_LIBTOOLFLAGS=''
GST_PREFIX=''
GST_REVISION='0'
GST_TOOLS_DIR=''
GTKDOC_CHECK='/usr/bin/gtkdoc-check'
GTKDOC_DEPS_CFLAGS='-I/usr/include/glib-2.0 -I/usr/lib/x86_64-linux-gnu/glib-2.0/include  '
GTKDOC_DEPS_LIBS='-lgobject-2.0 -lglib-2.0  '
GTKDOC_MKPDF='/usr/bin/gtkdoc-mkpdf'
GTKDOC_REBASE='/usr/bin/gtkdoc-rebase'
GTK_CFLAGS=''
GTK_DOC_BUILD_HTML_FALSE='#'
GTK_DOC_BUILD_HTML_TRUE=''
GTK_DOC_BUILD_PDF_FALSE=''
GTK_DOC_BUILD_PDF_TRUE='#'
GTK_DOC_USE_LIBTOOL_FALSE='#'
GTK_DOC_USE_LIBTOOL_TRUE=''
GTK_LIBS=''
GTK_X11_CFLAGS=''
GTK_X11_LIBS=''
GUDEV_CFLAGS=''
GUDEV_LIBS=''
HAVE_AVC1394=''
HAVE_CPU_ALPHA_FALSE=''
HAVE_CPU_ALPHA_TRUE='#'
HAVE_CPU_ARM_FALSE=''
HAVE_CPU_ARM_TRUE='#'
HAVE_CPU_CRISV32_FALSE=''
HAVE_CPU_CRISV32_TRUE='#'
HAVE_CPU_CRIS_FALSE=''
HAVE_CPU_CRIS_TRUE='#'
HAVE_CPU_HPPA_FALSE=''
HAVE_CPU_HPPA_TRUE='#'
HAVE_CPU_I386_FALSE=''
HAVE_CPU_I386_TRUE='#'
HAVE_CPU_IA64_FALSE=''
HAVE_CPU_IA64_TRUE='#'
HAVE_CPU_M68K_FALSE=''
HAVE_CPU_M68K_TRUE='#'
HAVE_CPU_MIPS_FALSE=''
HAVE_CPU_MIPS_TRUE='#'
HAVE_CPU_PPC64_FALSE=''
HAVE_CPU_PPC64_TRUE='#'
HAVE_CPU_PPC_FALSE=''
HAVE_CPU_PPC_TRUE='#'
HAVE_CPU_S390_FALSE=''
HAVE_CPU_S390_TRUE='#'
HAVE_CPU_SPARC_FALSE=''
HAVE_CPU_SPARC_TRUE='#'
HAVE_CPU_X86_64_FALSE='#'
HAVE_CPU_X86_64_TRUE=''
HAVE_CXX='yes'
HAVE_DIRECTSOUND=''
HAVE_GCC_ASM_FALSE='#'
HAVE_GCC_ASM_TRUE=''
HAVE_GST_CHECK_FALSE=''
HAVE_GST_CHECK_TRUE=''
HAVE_GTK_FALSE=''
HAVE_GTK_TRUE=''
HAVE_GTK_X11_FALSE=''
HAVE_GTK_X11_TRUE=''
HAVE_IOS_FALSE=''
HAVE_IOS_TRUE=''
HAVE_ORCC_FALSE=''
HAVE_ORCC_TRUE='#'
HAVE_ORC_FALSE=''
HAVE_ORC_TRUE='#'
HAVE_ROM1394=''
HAVE_SPEEX=''
HAVE_VALGRIND_FALSE=''
HAVE_VALGRIND_TRUE='#'
HAVE_X=''
HAVE_XSHM=''
HAVE_ZLIB=''
HTML_DIR='${datadir}/gtk-doc/html'
INSTALL_DATA='${INSTALL} -m 644'
INSTALL_PROGRAM='${INSTALL}'
INSTALL_SCRIPT='${INSTALL}'
INSTALL_STRIP_PROGRAM='$(install_sh) -c -s'
INTLLIBS=''
INTL_MACOSX_LIBS=''
JACK_0_120_1_CFLAGS=''
JACK_0_120_1_LIBS=''
JACK_1_9_7_CFLAGS=''
JACK_1_9_7_LIBS=''
JACK_CFLAGS=''
JACK_LIBS=''
JPEG_LIBS=''
LD='/usr/bin/ld -m elf_x86_64'
LDFLAGS=''
LIBCACA_CFLAGS=''
LIBCACA_LIBS=''
LIBDV_CFLAGS=''
LIBDV_LIBS=''
LIBICONV='-liconv'
LIBIEC61883_CFLAGS=''
LIBIEC61883_LIBS=''
LIBINTL=''
LIBM='-lm'
LIBOBJS=''
LIBPNG_CFLAGS=''
LIBPNG_LIBS=''
LIBRT='-lrt'
LIBS=''
LIBTOOL='$(SHELL) $(top_builddir)/libtool'
LIBV4L2_CFLAGS=''
LIBV4L2_LIBS=''
LIPO=''
LN_S='ln -s'
LOCALEDIR='/usr/local/share/locale'
LTLIBICONV='-liconv'
LTLIBINTL=''
LTLIBOBJS=''
MAINT=''
MAINTAINER_MODE_FALSE='#'
MAINTAINER_MODE_TRUE=''
MAKEINFO='${SHELL} /home/swapnil/gst-build/gst-jpeg-1.0/missing --run makeinfo'
MANIFEST_TOOL=':'
MKDIR_P='/bin/mkdir -p'
MSGFMT='/usr/bin/msgfmt'
MSGFMT_015='/usr/bin/msgfmt'
MSGMERGE='/usr/bin/msgmerge'
NM='/usr/bin/nm -B'
NMEDIT=''
OBJC='gcc'
OBJCDEPMODE='depmode=gcc3'
OBJCFLAGS=''
OBJDUMP='objdump'
OBJEXT='o'
ORCC=''
ORCC_FLAGS=''
ORC_CFLAGS=''
ORC_LIBS=''
OTOOL64=''
OTOOL=''
PACKAGE='gst-jpeg-1.0'
PACKAGE_BUGREPORT='http://bugzilla.gnome.org/enter_bug.cgi?product=GStreamer'
PACKAGE_NAME='GStreamer Good Jpeg Plug-ins'
PACKAGE_STRING='GStreamer Good Jpeg Plug-ins 1.2.3'
PACKAGE_TARNAME='gst-jpeg-1.0'
PACKAGE_URL=''
PACKAGE_VERSION='1.2.3'
PACKAGE_VERSION_MAJOR='1'
PACKAGE_VERSION_MICRO='3'
PACKAGE_VERSION_MINOR='2'
PACKAGE_VERSION_NANO='0'
PACKAGE_VERSION_RELEASE='1'
PATH_SEPARATOR=':'
PKG_CONFIG='/usr/bin/pkg-config'
PLUGINDIR=''
POSUB='po'
PROFILE_CFLAGS=''
PULSE_CFLAGS=''
PULSE_LIBS=''
PYTHON='/usr/bin/python'
PYTHON_EXEC_PREFIX='${exec_prefix}'
PYTHON_PLATFORM='linux2'
PYTHON_PREFIX='${prefix}'
PYTHON_VERSION='2.7'
RANLIB='ranlib'
RAW1394_CFLAGS=''
RAW1394_LIBS=''
SED='/bin/sed'
SET_MAKE=''
SHELL='/bin/bash'
SHOUT2_CFLAGS=''
SHOUT2_LIBS=''
SOUP_CFLAGS=''
SOUP_LIBS=''
SPEEX_CFLAGS=''
SPEEX_LIBS=''
STRIP='strip'
TAGLIB_CFLAGS=''
TAGLIB_CXXFLAGS=''
TAGLIB_LIBS=''
USE_AALIB_FALSE=''
USE_AALIB_TRUE=''
USE_BZ2_FALSE=''
USE_BZ2_TRUE=''
USE_CAIRO_FALSE=''
USE_CAIRO_TRUE=''
USE_DIRECTSOUND_FALSE=''
USE_DIRECTSOUND_TRUE=''
USE_DV1394_FALSE=''
USE_DV1394_TRUE=''
USE_EXPERIMENTAL_FALSE=''
USE_EXPERIMENTAL_TRUE='#'
USE_EXTERNAL_FALSE='#'
USE_EXTERNAL_TRUE=''
USE_FLAC_FALSE=''
USE_FLAC_TRUE=''
USE_GDK_PIXBUF_FALSE=''
USE_GDK_PIXBUF_TRUE=''
USE_GST_V4L2_FALSE=''
USE_GST_V4L2_TRUE=''
USE_JACK_FALSE=''
USE_JACK_TRUE=''
USE_JPEG_FALSE=''
USE_JPEG_TRUE=''
USE_LIBCACA_FALSE=''
USE_LIBCACA_TRUE=''
USE_LIBDV_FALSE=''
USE_LIBDV_TRUE=''
USE_LIBIEC61883_FALSE=''
USE_LIBIEC61883_TRUE=''
USE_LIBPNG_FALSE=''
USE_LIBPNG_TRUE=''
USE_NLS='yes'
USE_OSS4_FALSE=''
USE_OSS4_TRUE=''
USE_OSS_FALSE=''
USE_OSS_TRUE=''
USE_OSX_AUDIO_FALSE=''
USE_OSX_AUDIO_TRUE=''
USE_OSX_VIDEO_FALSE=''
USE_OSX_VIDEO_TRUE=''
USE_PLUGIN_ALPHA_FALSE=''
USE_PLUGIN_ALPHA_TRUE=''
USE_PLUGIN_APETAG_FALSE=''
USE_PLUGIN_APETAG_TRUE=''
USE_PLUGIN_AUDIOFX_FALSE=''
USE_PLUGIN_AUDIOFX_TRUE=''
USE_PLUGIN_AUDIOPARSERS_FALSE=''
USE_PLUGIN_AUDIOPARSERS_TRUE=''
USE_PLUGIN_AUPARSE_FALSE=''
USE_PLUGIN_AUPARSE_TRUE=''
USE_PLUGIN_AUTODETECT_FALSE=''
USE_PLUGIN_AUTODETECT_TRUE=''
USE_PLUGIN_AVI_FALSE=''
USE_PLUGIN_AVI_TRUE=''
USE_PLUGIN_CUTTER_FALSE=''
USE_PLUGIN_CUTTER_TRUE=''
USE_PLUGIN_DEBUGUTILS_FALSE=''
USE_PLUGIN_DEBUGUTILS_TRUE=''
USE_PLUGIN_DEINTERLACE_FALSE=''
USE_PLUGIN_DEINTERLACE_TRUE=''
USE_PLUGIN_DTMF_FALSE=''
USE_PLUGIN_DTMF_TRUE=''
USE_PLUGIN_EFFECTV_FALSE=''
USE_PLUGIN_EFFECTV_TRUE=''
USE_PLUGIN_EQUALIZER_FALSE=''
USE_PLUGIN_EQUALIZER_TRUE=''
USE_PLUGIN_FLV_FALSE=''
USE_PLUGIN_FLV_TRUE=''
USE_PLUGIN_FLX_FALSE=''
USE_PLUGIN_FLX_TRUE=''
USE_PLUGIN_GOOM2K1_FALSE=''
USE_PLUGIN_GOOM2K1_TRUE=''
USE_PLUGIN_GOOM_FALSE=''
USE_PLUGIN_GOOM_TRUE=''
USE_PLUGIN_ICYDEMUX_FALSE=''
USE_PLUGIN_ICYDEMUX_TRUE=''
USE_PLUGIN_ID3DEMUX_FALSE=''
USE_PLUGIN_ID3DEMUX_TRUE=''
USE_PLUGIN_IMAGEFREEZE_FALSE=''
USE_PLUGIN_IMAGEFREEZE_TRUE=''
USE_PLUGIN_INTERLEAVE_FALSE=''
USE_PLUGIN_INTERLEAVE_TRUE=''
USE_PLUGIN_ISOMP4_FALSE=''
USE_PLUGIN_ISOMP4_TRUE=''
USE_PLUGIN_LAW_FALSE=''
USE_PLUGIN_LAW_TRUE=''
USE_PLUGIN_LEVEL_FALSE=''
USE_PLUGIN_LEVEL_TRUE=''
USE_PLUGIN_MATROSKA_FALSE=''
USE_PLUGIN_MATROSKA_TRUE=''
USE_PLUGIN_MONOSCOPE_FALSE=''
USE_PLUGIN_MONOSCOPE_TRUE=''
USE_PLUGIN_MULTIFILE_FALSE=''
USE_PLUGIN_MULTIFILE_TRUE=''
USE_PLUGIN_MULTIPART_FALSE=''
USE_PLUGIN_MULTIPART_TRUE=''
USE_PLUGIN_REPLAYGAIN_FALSE=''
USE_PLUGIN_REPLAYGAIN_TRUE=''
USE_PLUGIN_RTPMANAGER_FALSE=''
USE_PLUGIN_RTPMANAGER_TRUE=''
USE_PLUGIN_RTP_FALSE=''
USE_PLUGIN_RTP_TRUE=''
USE_PLUGIN_RTSP_FALSE=''
USE_PLUGIN_RTSP_TRUE=''
USE_PLUGIN_SHAPEWIPE_FALSE=''
USE_PLUGIN_SHAPEWIPE_TRUE=''
USE_PLUGIN_SMPTE_FALSE=''
USE_PLUGIN_SMPTE_TRUE=''
USE_PLUGIN_SPECTRUM_FALSE=''
USE_PLUGIN_SPECTRUM_TRUE=''
USE_PLUGIN_UDP_FALSE=''
USE_PLUGIN_UDP_TRUE=''
USE_PLUGIN_VIDEOBOX_FALSE=''
USE_PLUGIN_VIDEOBOX_TRUE=''
USE_PLUGIN_VIDEOCROP_FALSE=''
USE_PLUGIN_VIDEOCROP_TRUE=''
USE_PLUGIN_VIDEOFILTER_FALSE=''
USE_PLUGIN_VIDEOFILTER_TRUE=''
USE_PLUGIN_VIDEOMIXER_FALSE=''
USE_PLUGIN_VIDEOMIXER_TRUE=''
USE_PLUGIN_WAVENC_FALSE=''
USE_PLUGIN_WAVENC_TRUE=''
USE_PLUGIN_WAVPARSE_FALSE=''
USE_PLUGIN_WAVPARSE_TRUE=''
USE_PLUGIN_Y4M_FALSE=''
USE_PLUGIN_Y4M_TRUE=''
USE_PULSE_FALSE=''
USE_PULSE_TRUE=''
USE_SHOUT2_FALSE=''
USE_SHOUT2_TRUE=''
USE_SOUP_FALSE=''
USE_SOUP_TRUE=''
USE_SPEEX_FALSE=''
USE_SPEEX_TRUE=''
USE_SUNAUDIO_FALSE=''
USE_SUNAUDIO_TRUE=''
USE_TAGLIB_FALSE=''
USE_TAGLIB_TRUE=''
USE_VPX_FALSE=''
USE_VPX_TRUE=''
USE_WAVEFORM_FALSE=''
USE_WAVEFORM_TRUE=''
USE_WAVPACK_FALSE=''
USE_WAVPACK_TRUE=''
USE_XSHM_FALSE=''
USE_XSHM_TRUE=''
USE_XVIDEO_FALSE=''
USE_XVIDEO_TRUE=''
USE_X_FALSE=''
USE_X_TRUE=''
USE_ZLIB_FALSE=''
USE_ZLIB_TRUE=''
VALGRIND_CFLAGS=''
VALGRIND_LIBS=''
VALGRIND_PATH='no'
VERSION='1.2.3'
VPX_130_CFLAGS=''
VPX_130_LIBS=''
VPX_CFLAGS=''
VPX_LIBS=''
WARNING_CFLAGS=''
WARNING_CXXFLAGS=''
WARNING_OBJCFLAGS=''
WAVPACK_CFLAGS=''
WAVPACK_LIBS=''
XDAMAGE_CFLAGS=''
XDAMAGE_LIBS=''
XFIXES_CFLAGS=''
XFIXES_LIBS=''
XGETTEXT='/usr/bin/xgettext'
XGETTEXT_015='/usr/bin/xgettext'
XGETTEXT_EXTRA_OPTIONS=''
XMKMF=''
XSHM_LIBS=''
XVIDEO_LIBS=''
X_CFLAGS=''
X_EXTRA_LIBS=''
X_LIBS=''
X_PRE_LIBS=''
ZLIB_LIBS=''
ac_ct_AR='ar'
ac_ct_CC='gcc'
ac_ct_CXX='g++'
ac_ct_DUMPBIN=''
ac_ct_OBJC='gcc'
am__EXEEXT_FALSE=''
am__EXEEXT_TRUE=''
am__fastdepCCAS_FALSE='#'
am__fastdepCCAS_TRUE=''
am__fastdepCC_FALSE='#'
am__fastdepCC_TRUE=''
am__fastdepCXX_FALSE='#'
am__fastdepCXX_TRUE=''
am__fastdepOBJC_FALSE='#'
am__fastdepOBJC_TRUE=''
am__include='include'
am__isrc=''
am__leading_dot='.'
am__nodep='_no'
am__quote=''
am__tar='tar --format=ustar -chf - "$$tardir"'
am__untar='tar -xf -'
bindir='${exec_prefix}/bin'
build='x86_64-unknown-linux-gnu'
build_alias=''
build_cpu='x86_64'
build_os='linux-gnu'
build_vendor='unknown'
datadir='${datarootdir}'
datarootdir='${prefix}/share'
docdir='${datarootdir}/doc/${PACKAGE_TARNAME}'
dvidir='${docdir}'
exec_prefix='NONE'
host='x86_64-unknown-linux-gnu'
host_alias=''
host_cpu='x86_64'
host_os='linux-gnu'
host_vendor='unknown'
htmldir='${docdir}'
includedir='${prefix}/include'
infodir='${datarootdir}/info'
install_sh='${SHELL} /home/swapnil/gst-build/gst-jpeg-1.0/install-sh'
libdir='${exec_prefix}/lib'
libexecdir='${exec_prefix}/libexec'
localedir='${datarootdir}/locale'
localstatedir='${prefix}/var'
mandir='${datarootdir}/man'
mkdir_p='/bin/mkdir -p'
oldincludedir='/usr/include'
pdfdir='${docdir}'
pkgpyexecdir='${pyexecdir}/gst-jpeg-1.0'
pkgpythondir='${pythondir}/gst-jpeg-1.0'
plugindir=''
prefix='NONE'
program_transform_name='s,x,x,'
psdir='${docdir}'
pyexecdir='${exec_prefix}/lib/python2.7/dist-packages'
pythondir='${prefix}/lib/python2.7/dist-packages'
sbindir='${exec_prefix}/sbin'
sharedstatedir='${prefix}/com'
sysconfdir='${prefix}/etc'
target='x86_64-unknown-linux-gnu'
target_alias=''
target_cpu='x86_64'
target_os='linux-gnu'
target_vendor='unknown'

## ----------- ##
## confdefs.h. ##
## ----------- ##

/* confdefs.h */
#define PACKAGE_NAME "GStreamer Good Jpeg Plug-ins"
#define PACKAGE_TARNAME "gst-jpeg-1.0"
#define PACKAGE_VERSION "1.2.3"
#define PACKAGE_STRING "GStreamer Good Jpeg Plug-ins 1.2.3"
#define PACKAGE_BUGREPORT "http://bugzilla.gnome.org/enter_bug.cgi?product=GStreamer"
#define PACKAGE_URL ""
#define PACKAGE "gst-jpeg-1.0"
#define VERSION "1.2.3"
#define GST_API_VERSION "1.0"
#define STDC_HEADERS 1
#define HAVE_SYS_TYPES_H 1
#define HAVE_SYS_STAT_H 1
#define HAVE_STDLIB_H 1
#define HAVE_STRING_H 1
#define HAVE_MEMORY_H 1
#define HAVE_STRINGS_H 1
#define HAVE_INTTYPES_H 1
#define HAVE_STDINT_H 1
#define HAVE_UNISTD_H 1
#define HAVE_DLFCN_H 1
#define LT_OBJDIR ".libs/"
#define ENABLE_NLS 1
#define HAVE_GETTEXT 1
#define HAVE_DCGETTEXT 1
#define GETTEXT_PACKAGE "gst-plugins-good-1.0"
#define LOCALEDIR "/usr/local/share/locale"
#define GST_PACKAGE_NAME "GStreamer Good Jpeg Plug-ins source release"
#define GST_PACKAGE_ORIGIN "Unknown package origin"
#define HAVE_EXTERNAL /**/
#define HAVE_CPU_X86_64 1
#define HOST_CPU "x86_64"
#define TARGET_CPU "x86_64"
#define HAVE_DOWHILE_MACROS 1
#define HAVE_CLOCK_GETTIME 1
#define STDC_HEADERS 1
#define HAVE_SYS_TIME_H 1
#define HAVE_SYS_SOCKET_H 1
#define HAVE_FIONREAD_IN_SYS_IOCTL 1
#define HAVE_GCC_ASM 1
#define HAVE_RINT 1
#define HAVE_SINH 1
#define HAVE_COSH 1
#define HAVE_ASINH 1
#define HAVE_ISINF 1
#define HAVE_STDLIB_H 1
#define HAVE_UNISTD_H 1
#define HAVE_SYS_PARAM_H 1
#define HAVE_GETPAGESIZE 1
#define HAVE_MMAP 1
#define HAVE_IP_MREQN /**/
#define GIO_MODULE_DIR "/usr/lib/x86_64-linux-gnu/gio/modules"
#define GIO_LIBDIR "/usr/lib/x86_64-linux-gnu"
#define DISABLE_ORC 1

configure: exit 1
